This is pdfTeX, Version 3.1415926-1.40.10 (TeX Live 2009/Debian) (format=pdflatex 2012.11.25)  26 MAR 2016 18:36
entering extended mode
 %&-line parsing enabled.
**1er_Informe_Proyecto_Artemisa.tex
(./1er_Informe_Proyecto_Artemisa.tex
LaTeX2e <2009/09/24>
Babel <v3.8l> and hyphenation patterns for english, usenglishmax, dumylang, noh
yphenation, loaded.
(/usr/share/texmf-texlive/tex/latex/base/report.cls
Document Class: report 2007/10/19 v1.4h Standard LaTeX document class
(/usr/share/texmf-texlive/tex/latex/base/size12.clo
File: size12.clo 2007/10/19 v1.4h Standard LaTeX file (size option)
)
\c@part=\count79
\c@chapter=\count80
\c@section=\count81
\c@subsection=\count82
\c@subsubsection=\count83
\c@paragraph=\count84
\c@subparagraph=\count85
\c@figure=\count86
\c@table=\count87
\abovecaptionskip=\skip41
\belowcaptionskip=\skip42
\bibindent=\dimen102
)
(/usr/share/texmf-texlive/tex/latex/base/inputenc.sty
Package: inputenc 2008/03/30 v1.1d Input encoding file
\inpenc@prehook=\toks14
\inpenc@posthook=\toks15

(/usr/share/texmf-texlive/tex/latex/ucs/utf8x.def
File: utf8x.def 2004/10/17 UCS: Input encoding UTF-8
))
(/usr/share/texmf-texlive/tex/latex/ucs/ucs.sty
Package: ucs 2004/10/17 UCS: Unicode input support

(/usr/share/texmf-texlive/tex/latex/ucs/data/uni-global.def
File: uni-global.def 2004/10/17 UCS: Unicode global data
)
\uc@secondtry=\count88
\uc@combtoks=\toks16
\uc@combtoksb=\toks17
\uc@temptokena=\toks18
)
(/usr/share/texmf-texlive/tex/generic/babel/babel.sty
Package: babel 2008/07/06 v3.8l The Babel package

(/usr/share/texmf-texlive/tex/generic/babel/spanish.ldf
Language: spanish.ldf 2009/01/02 v5.0h Spanish support from the babel system

(/usr/share/texmf-texlive/tex/generic/babel/babel.def
File: babel.def 2008/07/06 v3.8l Babel common definitions
\babel@savecnt=\count89
\U@D=\dimen103
)

Package babel Warning: No hyphenation patterns were loaded for
(babel)                the language `Spanish'
(babel)                I will use the patterns loaded for \language=0 instead.

\l@spanish = a dialect from \language0
\es@datefmt=\count90
\es@quottoks=\toks19
\es@quotdepth=\count91
Package babel Info: Making " an active character on input line 492.
Package babel Info: Making . an active character on input line 585.
Package babel Info: Making < an active character on input line 630.
Package babel Info: Making > an active character on input line 630.
)) (/usr/share/texmf-texlive/tex/latex/base/fontenc.sty
Package: fontenc 2005/09/27 v1.99g Standard LaTeX package

(/usr/share/texmf-texlive/tex/latex/base/t1enc.def
File: t1enc.def 2005/09/27 v1.99g Standard LaTeX file
LaTeX Font Info:    Redeclaring font encoding T1 on input line 43.
))
(/usr/share/texmf-texlive/tex/latex/psnfss/times.sty
Package: times 2005/04/12 PSNFSS-v9.2a (SPQR) 
)
(/usr/share/texmf-texlive/tex/latex/tools/verbatim.sty
Package: verbatim 2003/08/22 v1.5q LaTeX2e package for verbatim enhancements
\every@verbatim=\toks20
\verbatim@line=\toks21
\verbatim@in@stream=\read1
)
(/usr/share/texmf-texlive/tex/latex/graphics/graphicx.sty
Package: graphicx 1999/02/16 v1.0f Enhanced LaTeX Graphics (DPC,SPQR)

(/usr/share/texmf-texlive/tex/latex/graphics/keyval.sty
Package: keyval 1999/03/16 v1.13 key=value parser (DPC)
\KV@toks@=\toks22
)
(/usr/share/texmf-texlive/tex/latex/graphics/graphics.sty
Package: graphics 2009/02/05 v1.0o Standard LaTeX Graphics (DPC,SPQR)

(/usr/share/texmf-texlive/tex/latex/graphics/trig.sty
Package: trig 1999/03/16 v1.09 sin cos tan (DPC)
)
(/etc/texmf/tex/latex/config/graphics.cfg
File: graphics.cfg 2009/08/28 v1.8 graphics configuration of TeX Live
)
Package graphics Info: Driver file: dvips.def on input line 91.

(/usr/share/texmf-texlive/tex/latex/graphics/dvips.def
File: dvips.def 1999/02/16 v3.0i Driver-dependant file (DPC,SPQR)
))
\Gin@req@height=\dimen104
\Gin@req@width=\dimen105
)
(/usr/share/texmf/tex/latex/xcolor/xcolor.sty
Package: xcolor 2007/01/21 v2.11 LaTeX color extensions (UK)

(/etc/texmf/tex/latex/config/color.cfg
File: color.cfg 2007/01/18 v1.5 color configuration of teTeX/TeXLive
)
Package xcolor Info: Driver file: pdftex.def on input line 225.

(/usr/share/texmf-texlive/tex/latex/pdftex-def/pdftex.def
File: pdftex.def 2010/03/12 v0.04p Graphics/color for pdfTeX
\Gread@gobject=\count92
)
Package xcolor Info: Model `cmy' substituted by `cmy0' on input line 1337.
Package xcolor Info: Model `RGB' extended on input line 1353.
Package xcolor Info: Model `HTML' substituted by `rgb' on input line 1355.
Package xcolor Info: Model `Hsb' substituted by `hsb' on input line 1356.
Package xcolor Info: Model `tHsb' substituted by `hsb' on input line 1357.
Package xcolor Info: Model `HSB' substituted by `hsb' on input line 1358.
Package xcolor Info: Model `Gray' substituted by `gray' on input line 1359.
Package xcolor Info: Model `wave' substituted by `hsb' on input line 1360.
)
(/usr/share/texmf-texlive/tex/latex/geometry/geometry.sty
Package: geometry 2008/12/21 v4.2 Page Geometry

(/usr/share/texmf-texlive/tex/generic/oberdiek/ifpdf.sty
Package: ifpdf 2009/04/10 v2.0 Provides the ifpdf switch (HO)
Package ifpdf Info: pdfTeX in pdf mode detected.
)
(/usr/share/texmf-texlive/tex/generic/oberdiek/ifvtex.sty
Package: ifvtex 2008/11/04 v1.4 Switches for detecting VTeX and its modes (HO)
Package ifvtex Info: VTeX not detected.
)
\Gm@cnth=\count93
\Gm@cntv=\count94
\c@Gm@tempcnt=\count95
\Gm@bindingoffset=\dimen106
\Gm@wd@mp=\dimen107
\Gm@odd@mp=\dimen108
\Gm@even@mp=\dimen109
\Gm@dimlist=\toks23

(/usr/share/texmf-texlive/tex/xelatex/xetexconfig/geometry.cfg))
(/usr/share/texmf-texlive/tex/latex/setspace/setspace.sty
Package: setspace 2000/12/01 6.7 Contributed and Supported LaTeX2e package

Package: `setspace' 6.7 <2000/12/01>
) (/usr/share/texmf-texlive/tex/latex/ltxmisc/url.sty
\Urlmuskip=\muskip10
Package: url 2006/04/12  ver 3.3  Verb mode for urls, etc.
)
(/usr/share/texmf-texlive/tex/latex/tocvsec2/tocvsec2.sty
Package: tocvsec2 2009/09/04 v1.2a variable ToC section entries

(/usr/share/texmf-texlive/tex/latex/base/ifthen.sty
Package: ifthen 2001/05/26 v1.1c Standard LaTeX ifthen package (DPC)
))
(/usr/share/texmf-texlive/tex/latex/float/float.sty
Package: float 2001/11/08 v1.3d Float enhancements (AL)
\c@float@type=\count96
\float@exts=\toks24
\float@box=\box26
\@float@everytoks=\toks25
\@floatcapt=\box27
)
(/usr/share/texmf-texlive/tex/latex/tocbibind/tocbibind.sty
Package: tocbibind 2009/09/04 v1.5i extra ToC listings


Package tocbibind Note: The document has chapter divisions.


Package tocbibind Note: Using chapter style headings, unless overridden.

) (/usr/share/texmf-texlive/tex/latex/amsmath/amsmath.sty
Package: amsmath 2000/07/18 v2.13 AMS math features
\@mathmargin=\skip43

For additional information on amsmath, use the `?' option.
(/usr/share/texmf-texlive/tex/latex/amsmath/amstext.sty
Package: amstext 2000/06/29 v2.01

(/usr/share/texmf-texlive/tex/latex/amsmath/amsgen.sty
File: amsgen.sty 1999/11/30 v2.0
\@emptytoks=\toks26
\ex@=\dimen110
))
(/usr/share/texmf-texlive/tex/latex/amsmath/amsbsy.sty
Package: amsbsy 1999/11/29 v1.2d
\pmbraise@=\dimen111
)
(/usr/share/texmf-texlive/tex/latex/amsmath/amsopn.sty
Package: amsopn 1999/12/14 v2.01 operator names
)
\inf@bad=\count97
LaTeX Info: Redefining \frac on input line 211.
\uproot@=\count98
\leftroot@=\count99
LaTeX Info: Redefining \overline on input line 307.
\classnum@=\count100
\DOTSCASE@=\count101
LaTeX Info: Redefining \ldots on input line 379.
LaTeX Info: Redefining \dots on input line 382.
LaTeX Info: Redefining \cdots on input line 467.
\Mathstrutbox@=\box28
\strutbox@=\box29
\big@size=\dimen112
LaTeX Font Info:    Redeclaring font encoding OML on input line 567.
LaTeX Font Info:    Redeclaring font encoding OMS on input line 568.
\macc@depth=\count102
\c@MaxMatrixCols=\count103
\dotsspace@=\muskip11
\c@parentequation=\count104
\dspbrk@lvl=\count105
\tag@help=\toks27
\row@=\count106
\column@=\count107
\maxfields@=\count108
\andhelp@=\toks28
\eqnshift@=\dimen113
\alignsep@=\dimen114
\tagshift@=\dimen115
\tagwidth@=\dimen116
\totwidth@=\dimen117
\lineht@=\dimen118
\@envbody=\toks29
\multlinegap=\skip44
\multlinetaggap=\skip45
\mathdisplay@stack=\toks30
LaTeX Info: Redefining \[ on input line 2666.
LaTeX Info: Redefining \] on input line 2667.
)
(/usr/share/texmf-texlive/tex/latex/amsfonts/amssymb.sty
Package: amssymb 2009/06/22 v3.00

(/usr/share/texmf-texlive/tex/latex/amsfonts/amsfonts.sty
Package: amsfonts 2009/06/22 v3.00 Basic AMSFonts support
\symAMSa=\mathgroup4
\symAMSb=\mathgroup5
LaTeX Font Info:    Overwriting math alphabet `\mathfrak' in version `bold'
(Font)                  U/euf/m/n --> U/euf/b/n on input line 96.
))
(/usr/share/texmf-texlive/tex/latex/base/textcomp.sty
Package: textcomp 2005/09/27 v1.99g Standard LaTeX package
Package textcomp Info: Sub-encoding information:
(textcomp)               5 = only ISO-Adobe without \textcurrency
(textcomp)               4 = 5 + \texteuro
(textcomp)               3 = 4 + \textohm
(textcomp)               2 = 3 + \textestimated + \textcurrency
(textcomp)               1 = TS1 - \textcircled - \t
(textcomp)               0 = TS1 (full)
(textcomp)             Font families with sub-encoding setting implement
(textcomp)             only a restricted character set as indicated.
(textcomp)             Family '?' is the default used for unknown fonts.
(textcomp)             See the documentation for details.
Package textcomp Info: Setting ? sub-encoding to TS1/1 on input line 71.

(/usr/share/texmf-texlive/tex/latex/base/ts1enc.def
File: ts1enc.def 2001/06/05 v3.0e (jk/car/fm) Standard LaTeX file
)
LaTeX Info: Redefining \oldstylenums on input line 266.
Package textcomp Info: Setting cmr sub-encoding to TS1/0 on input line 281.
Package textcomp Info: Setting cmss sub-encoding to TS1/0 on input line 282.
Package textcomp Info: Setting cmtt sub-encoding to TS1/0 on input line 283.
Package textcomp Info: Setting cmvtt sub-encoding to TS1/0 on input line 284.
Package textcomp Info: Setting cmbr sub-encoding to TS1/0 on input line 285.
Package textcomp Info: Setting cmtl sub-encoding to TS1/0 on input line 286.
Package textcomp Info: Setting ccr sub-encoding to TS1/0 on input line 287.
Package textcomp Info: Setting ptm sub-encoding to TS1/4 on input line 288.
Package textcomp Info: Setting pcr sub-encoding to TS1/4 on input line 289.
Package textcomp Info: Setting phv sub-encoding to TS1/4 on input line 290.
Package textcomp Info: Setting ppl sub-encoding to TS1/3 on input line 291.
Package textcomp Info: Setting pag sub-encoding to TS1/4 on input line 292.
Package textcomp Info: Setting pbk sub-encoding to TS1/4 on input line 293.
Package textcomp Info: Setting pnc sub-encoding to TS1/4 on input line 294.
Package textcomp Info: Setting pzc sub-encoding to TS1/4 on input line 295.
Package textcomp Info: Setting bch sub-encoding to TS1/4 on input line 296.
Package textcomp Info: Setting put sub-encoding to TS1/5 on input line 297.
Package textcomp Info: Setting uag sub-encoding to TS1/5 on input line 298.
Package textcomp Info: Setting ugq sub-encoding to TS1/5 on input line 299.
Package textcomp Info: Setting ul8 sub-encoding to TS1/4 on input line 300.
Package textcomp Info: Setting ul9 sub-encoding to TS1/4 on input line 301.
Package textcomp Info: Setting augie sub-encoding to TS1/5 on input line 302.
Package textcomp Info: Setting dayrom sub-encoding to TS1/3 on input line 303.
Package textcomp Info: Setting dayroms sub-encoding to TS1/3 on input line 304.

Package textcomp Info: Setting pxr sub-encoding to TS1/0 on input line 305.
Package textcomp Info: Setting pxss sub-encoding to TS1/0 on input line 306.
Package textcomp Info: Setting pxtt sub-encoding to TS1/0 on input line 307.
Package textcomp Info: Setting txr sub-encoding to TS1/0 on input line 308.
Package textcomp Info: Setting txss sub-encoding to TS1/0 on input line 309.
Package textcomp Info: Setting txtt sub-encoding to TS1/0 on input line 310.
Package textcomp Info: Setting futs sub-encoding to TS1/4 on input line 311.
Package textcomp Info: Setting futx sub-encoding to TS1/4 on input line 312.
Package textcomp Info: Setting futj sub-encoding to TS1/4 on input line 313.
Package textcomp Info: Setting hlh sub-encoding to TS1/3 on input line 314.
Package textcomp Info: Setting hls sub-encoding to TS1/3 on input line 315.
Package textcomp Info: Setting hlst sub-encoding to TS1/3 on input line 316.
Package textcomp Info: Setting hlct sub-encoding to TS1/5 on input line 317.
Package textcomp Info: Setting hlx sub-encoding to TS1/5 on input line 318.
Package textcomp Info: Setting hlce sub-encoding to TS1/5 on input line 319.
Package textcomp Info: Setting hlcn sub-encoding to TS1/5 on input line 320.
Package textcomp Info: Setting hlcw sub-encoding to TS1/5 on input line 321.
Package textcomp Info: Setting hlcf sub-encoding to TS1/5 on input line 322.
Package textcomp Info: Setting pplx sub-encoding to TS1/3 on input line 323.
Package textcomp Info: Setting pplj sub-encoding to TS1/3 on input line 324.
Package textcomp Info: Setting ptmx sub-encoding to TS1/4 on input line 325.
Package textcomp Info: Setting ptmj sub-encoding to TS1/4 on input line 326.
)
(/usr/share/texmf-texlive/tex/latex/caption/caption.sty
Package: caption 2009/10/09 v3.1k Customizing captions (AR)

(/usr/share/texmf-texlive/tex/latex/caption/caption3.sty
Package: caption3 2009/10/09 v3.1k caption3 kernel (AR)
\captionmargin=\dimen119
\captionmargin@=\dimen120
\captionwidth=\dimen121
\caption@indent=\dimen122
\caption@parindent=\dimen123
\caption@hangindent=\dimen124
)
\c@ContinuedFloat=\count109
Package caption Info: float package is loaded.
)
(/usr/share/texmf-texlive/tex/latex/booktabs/booktabs.sty
Package: booktabs 2005/04/14 v1.61803 publication quality tables
\heavyrulewidth=\dimen125
\lightrulewidth=\dimen126
\cmidrulewidth=\dimen127
\belowrulesep=\dimen128
\belowbottomsep=\dimen129
\aboverulesep=\dimen130
\abovetopsep=\dimen131
\cmidrulesep=\dimen132
\cmidrulekern=\dimen133
\defaultaddspace=\dimen134
\@cmidla=\count110
\@cmidlb=\count111
\@aboverulesep=\dimen135
\@belowrulesep=\dimen136
\@thisruleclass=\count112
\@lastruleclass=\count113
\@thisrulewidth=\dimen137
)
(/usr/share/texmf-texlive/tex/latex/multirow/multirow.sty
\bigstrutjot=\dimen138
)
(/usr/share/texmf-texlive/tex/latex/tools/multicol.sty
Package: multicol 2008/12/05 v1.6h multicolumn formatting (FMi)
\c@tracingmulticols=\count114
\mult@box=\box30
\multicol@leftmargin=\dimen139
\c@unbalance=\count115
\c@collectmore=\count116
\doublecol@number=\count117
\multicoltolerance=\count118
\multicolpretolerance=\count119
\full@width=\dimen140
\page@free=\dimen141
\premulticols=\dimen142
\postmulticols=\dimen143
\multicolsep=\skip46
\multicolbaselineskip=\skip47
\partial@page=\box31
\last@line=\box32
\mult@rightbox=\box33
\mult@grightbox=\box34
\mult@gfirstbox=\box35
\mult@firstbox=\box36
\@tempa=\box37
\@tempa=\box38
\@tempa=\box39
\@tempa=\box40
\@tempa=\box41
\@tempa=\box42
\@tempa=\box43
\@tempa=\box44
\@tempa=\box45
\@tempa=\box46
\@tempa=\box47
\@tempa=\box48
\@tempa=\box49
\@tempa=\box50
\@tempa=\box51
\@tempa=\box52
\@tempa=\box53
\c@columnbadness=\count120
\c@finalcolumnbadness=\count121
\last@try=\dimen144
\multicolovershoot=\dimen145
\multicolundershoot=\dimen146
\mult@nat@firstbox=\box54
\colbreak@box=\box55
)
(/usr/share/texmf-texlive/tex/latex/tools/bm.sty
Package: bm 2004/02/26 v1.1c Bold Symbol Support (DPC/FMi)
\symboldoperators=\mathgroup6
\symboldletters=\mathgroup7
\symboldsymbols=\mathgroup8
LaTeX Font Info:    Redeclaring math alphabet \mathbf on input line 138.
LaTeX Info: Redefining \bm on input line 204.
)
(/usr/share/texmf-texlive/tex/latex/pdfpages/pdfpages.sty
Package: pdfpages 2009/02/07 v0.4g Insert pages of external PDF documents (AM)

(/usr/share/texmf-texlive/tex/latex/tools/calc.sty
Package: calc 2007/08/22 v4.3 Infix arithmetic (KKT,FJ)
\calc@Acount=\count122
\calc@Bcount=\count123
\calc@Adimen=\dimen147
\calc@Bdimen=\dimen148
\calc@Askip=\skip48
\calc@Bskip=\skip49
LaTeX Info: Redefining \setlength on input line 76.
LaTeX Info: Redefining \addtolength on input line 77.
\calc@Ccount=\count124
\calc@Cskip=\skip50
)
(/usr/share/texmf-texlive/tex/latex/eso-pic/eso-pic.sty
Package: eso-pic 2006/07/14 v1.1d eso-pic (RN)

(/usr/share/texmf-texlive/tex/latex/ms/everyshi.sty
Package: everyshi 2001/05/15 v3.00 EveryShipout Package (MS)
))
(/usr/share/texmf-texlive/tex/latex/pdfpages/pppdftex.def
File: pppdftex.def 2009/02/07 v0.4g Pdfpages driver for pdfTeX (AM)
)
\AM@pagebox=\box56
\AM@toc@title=\toks31
\c@AM@survey=\count125
\AM@templatesizebox=\box57
)
(/usr/share/texmf-texlive/tex/latex/acronym/acronym.sty
Package: acronym 2009/01/25 v1.34 Support for acronyms (Tobias Oetiker)

(/usr/share/texmf-texlive/tex/latex/bigfoot/suffix.sty
Package: suffix 2006/07/15 1.5 Variant command support
)
\AC@clearlist=\toks32
)
(/usr/share/texmf-texlive/tex/latex/subfig/subfig.sty
Package: subfig 2005/06/28 ver: 1.3 subfig package
\c@KVtest=\count126
\sf@farskip=\skip51
\sf@captopadj=\dimen149
\sf@capskip=\skip52
\sf@nearskip=\skip53
\c@subfigure=\count127
\c@subfigure@save=\count128
\c@lofdepth=\count129
\c@subtable=\count130
\c@subtable@save=\count131
\c@lotdepth=\count132
\sf@top=\skip54
\sf@bottom=\skip55
)
(/usr/share/texmf-texlive/tex/latex/listings/listings.sty
\lst@mode=\count133
\lst@gtempboxa=\box58
\lst@token=\toks33
\lst@length=\count134
\lst@currlwidth=\dimen150
\lst@column=\count135
\lst@pos=\count136
\lst@lostspace=\dimen151
\lst@width=\dimen152
\lst@newlines=\count137
\lst@lineno=\count138
\lst@maxwidth=\dimen153

(/usr/share/texmf-texlive/tex/latex/listings/lstmisc.sty
File: lstmisc.sty 2007/02/22 1.4 (Carsten Heinz)
\c@lstnumber=\count139
\lst@skipnumbers=\count140
\lst@framebox=\box59
)
(/usr/share/texmf-texlive/tex/latex/listings/listings.cfg
File: listings.cfg 2007/02/22 1.4 listings configuration
))
Package: listings 2007/02/22 1.4 (Carsten Heinz)

(./1er_Informe_Proyecto_Artemisa.aux)
\openout1 = `1er_Informe_Proyecto_Artemisa.aux'.

LaTeX Font Info:    Checking defaults for OML/cmm/m/it on input line 52.
LaTeX Font Info:    ... okay on input line 52.
LaTeX Font Info:    Checking defaults for T1/cmr/m/n on input line 52.
LaTeX Font Info:    ... okay on input line 52.
LaTeX Font Info:    Checking defaults for OT1/cmr/m/n on input line 52.
LaTeX Font Info:    ... okay on input line 52.
LaTeX Font Info:    Checking defaults for OMS/cmsy/m/n on input line 52.
LaTeX Font Info:    ... okay on input line 52.
LaTeX Font Info:    Checking defaults for OMX/cmex/m/n on input line 52.
LaTeX Font Info:    ... okay on input line 52.
LaTeX Font Info:    Checking defaults for U/cmr/m/n on input line 52.
LaTeX Font Info:    ... okay on input line 52.
LaTeX Font Info:    Checking defaults for TS1/cmr/m/n on input line 52.
LaTeX Font Info:    Try loading font information for TS1+cmr on input line 52.

(/usr/share/texmf-texlive/tex/latex/base/ts1cmr.fd
File: ts1cmr.fd 1999/05/25 v2.5h Standard LaTeX font definitions
)
LaTeX Font Info:    ... okay on input line 52.
LaTeX Font Info:    Try loading font information for T1+ptm on input line 52.

(/usr/share/texmf-texlive/tex/latex/psnfss/t1ptm.fd
File: t1ptm.fd 2001/06/04 font definitions for T1/ptm.
)
(/usr/share/texmf-texlive/tex/latex/ucs/ucsencs.def
File: ucsencs.def 2003/11/29 Fixes to fontencodings LGR, T3
)
(/usr/share/texmf/tex/context/base/supp-pdf.mkii
[Loading MPS to PDF converter (version 2006.09.02).]
\scratchcounter=\count141
\scratchdimen=\dimen154
\scratchbox=\box60
\nofMPsegments=\count142
\nofMParguments=\count143
\everyMPshowfont=\toks34
\MPscratchCnt=\count144
\MPscratchDim=\dimen155
\MPnumerator=\count145
\everyMPtoPDFconversion=\toks35
)
*geometry auto-detecting driver*
*geometry detected driver: pdftex*
-------------------- Geometry parameters
paper: a4paper
landscape: --
twocolumn: --
twoside: --
asymmetric: --
h-parts: 85.35826pt, 455.24411pt, 56.9055pt
v-parts: 85.35826pt, 702.78308pt, 56.9055pt
hmarginratio: --
vmarginratio: --
lines: --
heightrounded: --
bindingoffset: 0.0pt
truedimen: --
includehead: --
includefoot: --
includemp: --
driver: pdftex
-------------------- Page layout dimensions and switches
\paperwidth  597.50787pt
\paperheight 845.04684pt
\textwidth  455.24411pt
\textheight 702.78308pt
\oddsidemargin  13.08827pt
\evensidemargin 13.08827pt
\topmargin  -23.91173pt
\headheight 12.0pt
\headsep    25.0pt
\footskip   30.0pt
\marginparwidth 35.0pt
\marginparsep   10.0pt
\columnsep  10.0pt
\skip\footins  10.8pt plus 4.0pt minus 2.0pt
\hoffset 0.0pt
\voffset 0.0pt
\mag 1000

(1in=72.27pt, 1cm=28.45pt)
-----------------------
Package caption Info: Begin \AtBeginDocument code.
Package caption3 Info: subfig package 1.2 or 1.3 is loaded.
LaTeX Info: Redefining \subref on input line 52.
Package caption Info: listings package is loaded.
Package caption Info: End \AtBeginDocument code.
ABD: EveryShipout initializing macros
\c@lstlisting=\count146
LaTeX Font Info:    Font shape `T1/ptm/bx/n' in size <24.88> not available
(Font)              Font shape `T1/ptm/b/n' tried instead on input line 70.
LaTeX Font Info:    Font shape `T1/ptm/bx/n' in size <17.28> not available
(Font)              Font shape `T1/ptm/b/n' tried instead on input line 72.

(/usr/share/texmf-texlive/tex/latex/ucs/data/uni-0.def
File: uni-0.def 2004/10/17 UCS: Unicode data U+0000..U+00FF
)
</home/delivery/Desktop/ArtemisaLatex1/Figuras/LogoUBP.jpg, id=1, 95.1555pt x 1
33.6995pt>
File: /home/delivery/Desktop/ArtemisaLatex1/Figuras/LogoUBP.jpg Graphic file (t
ype jpg)
 <use /home/delivery/Desktop/ArtemisaLatex1/Figuras/LogoUBP.jpg>
LaTeX Font Info:    Try loading font information for U+msa on input line 83.

(/usr/share/texmf-texlive/tex/latex/amsfonts/umsa.fd
File: umsa.fd 2009/06/22 v3.00 AMS symbols A
)
LaTeX Font Info:    Try loading font information for U+msb on input line 83.

(/usr/share/texmf-texlive/tex/latex/amsfonts/umsb.fd
File: umsb.fd 2009/06/22 v3.00 AMS symbols B
)
Underfull \hbox (badness 10000) in paragraph at lines 94--99

 []

[1

{/var/lib/texmf/fonts/map/pdftex/updmap/pdftex.map} </home/delivery/Desktop/Art
emisaLatex1/Figuras/LogoUBP.jpg>]
Underfull \hbox (badness 10000) in paragraph at lines 116--119

 []


Underfull \hbox (badness 10000) in paragraph at lines 120--124

 []


Underfull \hbox (badness 10000) in paragraph at lines 125--126

 []


Underfull \hbox (badness 10000) in paragraph at lines 127--128

 []


Underfull \hbox (badness 10000) in paragraph at lines 129--131

 []


Underfull \hbox (badness 10000) in paragraph at lines 132--134

 []


Underfull \hbox (badness 10000) in paragraph at lines 135--139

 []

Package acronym Info: Label `acro:ubp' newly defined as it shall be overridden
although it is yet undefined on input line 140.
[1

]
Underfull \hbox (badness 10000) in paragraph at lines 149--150

 []


Underfull \hbox (badness 10000) in paragraph at lines 151--154

 []


Underfull \hbox (badness 10000) in paragraph at lines 155--158

 []


Underfull \hbox (badness 10000) in paragraph at lines 159--161

 []


Underfull \hbox (badness 10000) in paragraph at lines 162--166

 []


Underfull \hbox (badness 10000) in paragraph at lines 167--171

 []


Underfull \hbox (badness 10000) in paragraph at lines 172--175

 []


Underfull \hbox (badness 10000) in paragraph at lines 176--179

 []

LaTeX Font Info:    Font shape `T1/ptm/bx/n' in size <12> not available
(Font)              Font shape `T1/ptm/b/n' tried instead on input line 181.
[2

]
Underfull \hbox (badness 10000) in paragraph at lines 185--187

 []


Underfull \hbox (badness 10000) in paragraph at lines 188--190

 []


Underfull \hbox (badness 10000) in paragraph at lines 191--192

 []

[3

]
Package acronym Info: Label `acro:voip' newly defined as it shall be overridden

although it is yet undefined on input line 208.
Package acronym Info: Label `acro:sip' newly defined as it shall be overridden
although it is yet undefined on input line 219.
Package acronym Info: Label `acro:ip' newly defined as it shall be overridden
although it is yet undefined on input line 230.
Package acronym Info: Label `acro:xmlrpc' newly defined as it shall be overridd
en
although it is yet undefined on input line 237.
 [4

] [5

] (./1er_Informe_Proyecto_Artemisa.toc [5

]
Package acronym Info: Label `acro:api' newly defined as it shall be overridden
although it is yet undefined on input line 65.
LaTeX Font Info:    Font shape `T1/ptm/bx/it' in size <12> not available
(Font)              Font shape `T1/ptm/b/it' tried instead on input line 90.
Package acronym Info: Label `acro:ser' newly defined as it shall be overridden
although it is yet undefined on input line 90.
)
\tf@toc=\write3
\openout3 = `1er_Informe_Proyecto_Artemisa.toc'.

 [6]
(./1er_Informe_Proyecto_Artemisa.lof
Package acronym Info: Label `acro:icmp' newly defined as it shall be overridden

although it is yet undefined on input line 21.
 [7

]
Package acronym Info: Label `acro:rir' newly defined as it shall be overridden
although it is yet undefined on input line 78.
Package acronym Info: Label `acro:dos' newly defined as it shall be overridden
although it is yet undefined on input line 104.
)
\tf@lof=\write4
\openout4 = `1er_Informe_Proyecto_Artemisa.lof'.

 [8]
(./1er_Informe_Proyecto_Artemisa.lot)
\tf@lot=\write5
\openout5 = `1er_Informe_Proyecto_Artemisa.lot'.

 [9

]
 1.
(/usr/share/texmf-texlive/tex/latex/ucs/data/uni-32.def
File: uni-32.def 2004/10/17 UCS: Unicode data U+2000..U+20FF
)
Package acronym Info: Label `acro:pbx' newly defined as it shall be overridden
although it is yet undefined on input line 343.
Package acronym Info: Label `acro:it' newly defined as it shall be overridden
although it is yet undefined on input line 357.
 [1

]
Package acronym Info: Label `acro:ddos' newly defined as it shall be overridden

although it is yet undefined on input line 368.
Package acronym Info: Label `acro:fbi' newly defined as it shall be overridden
although it is yet undefined on input line 382.
 [2]
Package acronym Info: Label `acro:tcp' newly defined as it shall be overridden
although it is yet undefined on input line 441.
Package acronym Info: Label `acro:tfc' newly defined as it shall be overridden
although it is yet undefined on input line 450.
Package acronym Info: Label `acro:isp' newly defined as it shall be overridden
although it is yet undefined on input line 453.
Package acronym Info: Label `acro:os' newly defined as it shall be overridden
although it is yet undefined on input line 460.
Package acronym Info: Label `acro:ua' newly defined as it shall be overridden
although it is yet undefined on input line 462.
 [3]
Overfull \hbox (0.15051pt too wide) in paragraph at lines 490--498
\T1/ptm/m/n/12 fa-cil-i-tar es-tu-dios de \T1/ptm/m/it/12 re-mote pen-e-tra-tio
n \T1/ptm/m/n/12 (pen-e-tración re-mo-ta) y \T1/ptm/m/it/12 vul-ner-a-bil-i-ty 
as-sess-ment \T1/ptm/m/n/12 (evalua-
 []


Underfull \hbox (badness 10000) in paragraph at lines 499--501

 []

[4]
 2.
LaTeX Font Info:    Try loading font information for TS1+ptm on input line 550.

(/usr/share/texmf-texlive/tex/latex/psnfss/ts1ptm.fd
File: ts1ptm.fd 2001/06/04 font definitions for TS1/ptm.
) [5

]
Package acronym Info: Label `acro:nfs' newly defined as it shall be overridden
although it is yet undefined on input line 640.
Package acronym Info: Label `acro:stderr' newly defined as it shall be overridd
en
although it is yet undefined on input line 643.
Package acronym Info: Label `acro:stdout' newly defined as it shall be overridd
en
although it is yet undefined on input line 643.

Overfull \hbox (4.2694pt too wide) in paragraph at lines 640--644
[][]\T1/ptm/m/n/12 Sis-tema de Archivos de Red[] (NFS[])[] cen-tral-iza-do, \T1
/ptm/m/it/12 logs \T1/ptm/m/n/12 y cap-turas de trá-fi-co ([])
 []

[6] [7]
 3.
Package acronym Info: Label `acro:pstn' newly defined as it shall be overridden

although it is yet undefined on input line 713.
Package acronym Info: Label `acro:spit' newly defined as it shall be overridden

although it is yet undefined on input line 730.
Package acronym Info: Label `acro:nat' newly defined as it shall be overridden
although it is yet undefined on input line 742.
[8

]
LaTeX Font Info:    Font shape `T1/ptm/bx/n' in size <14.4> not available
(Font)              Font shape `T1/ptm/b/n' tried instead on input line 765.
Package acronym Info: Label `acro:uac' newly defined as it shall be overridden
although it is yet undefined on input line 774.
Package acronym Info: Label `acro:uas' newly defined as it shall be overridden
although it is yet undefined on input line 775.
Package acronym Info: Label `acro:b2bua' newly defined as it shall be overridde
n
although it is yet undefined on input line 787.
Package acronym Info: Label `acro:cas' newly defined as it shall be overridden
although it is yet undefined on input line 800.
Package acronym Info: Label `acro:mgc' newly defined as it shall be overridden
although it is yet undefined on input line 806.
Package acronym Info: Label `acro:mg' newly defined as it shall be overridden
although it is yet undefined on input line 807.
Package acronym Info: Label `acro:trip' newly defined as it shall be overridden

although it is yet undefined on input line 809.
Package acronym Info: Label `acro:tgrep' newly defined as it shall be overridde
n
although it is yet undefined on input line 810.
 [9]
Package acronym Info: Label `acro:dns' newly defined as it shall be overridden
although it is yet undefined on input line 821.
Package acronym Info: Label `acro:uri' newly defined as it shall be overridden
although it is yet undefined on input line 824.
Package acronym Info: Label `acro:naptr' newly defined as it shall be overridde
n
although it is yet undefined on input line 824.
Package acronym Info: Label `acro:aor' newly defined as it shall be overridden
although it is yet undefined on input line 842.
Package acronym Info: Label `acro:http' newly defined as it shall be overridden

although it is yet undefined on input line 845.
 [10]
Package acronym Info: Label `acro:sdp' newly defined as it shall be overridden
although it is yet undefined on input line 871.
Package acronym Info: Label `acro:rtp' newly defined as it shall be overridden
although it is yet undefined on input line 879.

</home/delivery/Desktop/ArtemisaLatex1/Figuras/Fig1a.jpg, id=73, 461.47406pt x 
319.94531pt>
File: /home/delivery/Desktop/ArtemisaLatex1/Figuras/Fig1a.jpg Graphic file (typ
e jpg)
 <use /home/delivery/Desktop/ArtemisaLatex1/Figuras/Fig1a.jpg>
LaTeX Font Info:    Font shape `T1/ptm/bx/n' in size <10> not available
(Font)              Font shape `T1/ptm/b/n' tried instead on input line 890.
LaTeX Font Info:    Font shape `T1/ptm/bx/it' in size <10> not available
(Font)              Font shape `T1/ptm/b/it' tried instead on input line 890.

</home/delivery/Desktop/ArtemisaLatex1/Figuras/Fig1b.jpg, id=74, 509.65407pt x 
396.7322pt>
File: /home/delivery/Desktop/ArtemisaLatex1/Figuras/Fig1b.jpg Graphic file (typ
e jpg)
 <use /home/delivery/Desktop/ArtemisaLatex1/Figuras/Fig1b.jpg>

LaTeX Warning: `!h' float specifier changed to `!ht'.

[11 </home/delivery/Desktop/ArtemisaLatex1/Figuras/Fig1a.jpg>]
Underfull \hbox (badness 10000) in paragraph at lines 904--909

 []


</home/delivery/Desktop/ArtemisaLatex1/Figuras/Fig1c.jpg, id=78, 293.898pt x 14
9.8398pt>
File: /home/delivery/Desktop/ArtemisaLatex1/Figuras/Fig1c.jpg Graphic file (typ
e jpg)
 <use /home/delivery/Desktop/ArtemisaLatex1/Figuras/Fig1c.jpg>

LaTeX Warning: `!h' float specifier changed to `!ht'.

[12 </home/delivery/Desktop/ArtemisaLatex1/Figuras/Fig1b.jpg>] [13 </home/deliv
ery/Desktop/ArtemisaLatex1/Figuras/Fig1c.jpg>]
Overfull \hbox (0.66676pt too wide) in paragraph at lines 994--994
[]\T1/ptm/b/n/17.28 Estudio ex-plorato-rio de carác-ter bib-li-ográ-fi-co de lo
s ries-
 []

Package acronym Info: Label `acro:lan' newly defined as it shall be overridden
although it is yet undefined on input line 1006.

</home/delivery/Desktop/ArtemisaLatex1/Figuras/Fig1d.jpeg, id=85, 1110.1475pt x
 724.7075pt>
File: /home/delivery/Desktop/ArtemisaLatex1/Figuras/Fig1d.jpeg Graphic file (ty
pe jpg)
 <use /home/delivery/Desktop/ArtemisaLatex1/Figuras/Fig1d.jpeg>

LaTeX Warning: `!h' float specifier changed to `!ht'.

Package acronym Info: Label `acro:arp' newly defined as it shall be overridden
although it is yet undefined on input line 1032.
Package acronym Info: Label `acro:dhcp' newly defined as it shall be overridden

although it is yet undefined on input line 1033.
Package acronym Info: Label `acro:tftp' newly defined as it shall be overridden

although it is yet undefined on input line 1033.
[14]
LaTeX Font Info:    Font shape `T1/ptm/bx/it' in size <14.4> not available
(Font)              Font shape `T1/ptm/b/it' tried instead on input line 1049.
Package acronym Info: Label `acro:qos' newly defined as it shall be overridden
although it is yet undefined on input line 1052.
Package acronym Info: Label `acro:udp' newly defined as it shall be overridden
although it is yet undefined on input line 1093.
 [15 </home/delivery/Desktop/ArtemisaLatex1/Figuras/Fig1d.jpeg>]
Package acronym Info: Label `acro:mitm' newly defined as it shall be overridden

although it is yet undefined on input line 1106.
 [16]
[17]
Package acronym Info: Label `acro:fw' newly defined as it shall be overridden
although it is yet undefined on input line 1246.
Package acronym Info: Label `acro:cdr' newly defined as it shall be overridden
although it is yet undefined on input line 1259.
 [18]
Package acronym Info: Label `acro:cdn' newly defined as it shall be overridden
although it is yet undefined on input line 1275.
Package acronym Info: Label `acro:cpe' newly defined as it shall be overridden
although it is yet undefined on input line 1276.
Package acronym Info: Label `acro:ani' newly defined as it shall be overridden
although it is yet undefined on input line 1277.
 [19]
LaTeX Font Info:    Font shape `T1/ptm/bx/it' in size <17.28> not available
(Font)              Font shape `T1/ptm/b/it' tried instead on input line 1333.

</home/delivery/Desktop/ArtemisaLatex1/Figuras/Fig2a.jpg, id=105, 891.33pt x 55
5.07375pt>
File: /home/delivery/Desktop/ArtemisaLatex1/Figuras/Fig2a.jpg Graphic file (typ
e jpg)
 <use /home/delivery/Desktop/ArtemisaLatex1/Figuras/Fig2a.jpg>
[20 </home/delivery/Desktop/ArtemisaLatex1/Figuras/Fig2a.jpg>]
Package acronym Info: Label `acro:wan' newly defined as it shall be overridden
although it is yet undefined on input line 1378.

</home/delivery/Desktop/ArtemisaLatex1/Figuras/Fig2b.jpg, id=112, 941.5175pt x 
556.0775pt>
File: /home/delivery/Desktop/ArtemisaLatex1/Figuras/Fig2b.jpg Graphic file (typ
e jpg)
 <use /home/delivery/Desktop/ArtemisaLatex1/Figuras/Fig2b.jpg>
LaTeX Font Info:    Try loading font information for T1+pcr on input line 1410.


(/usr/share/texmf-texlive/tex/latex/psnfss/t1pcr.fd
File: t1pcr.fd 2001/06/04 font definitions for T1/pcr.
)
Overfull \hbox (2.9336pt too wide) in paragraph at lines 1404--1412
[]\T1/ptm/m/n/12 El \T1/ptm/m/it/12 hon-ey-pot \T1/ptm/m/n/12 es dis-eña-do par
a conec-tarse al do-minio VoIP[][] de una com-pañía co-mo un []
 []

Package acronym Info: Label `acro:dmz' newly defined as it shall be overridden
although it is yet undefined on input line 1430.
[21 </home/delivery/Desktop/ArtemisaLatex1/Figuras/Fig2b.jpg>]
</home/delivery/Desktop/ArtemisaLatex1/Figuras/Fig2c.jpg, id=118, 630.355pt x 5
74.145pt>
File: /home/delivery/Desktop/ArtemisaLatex1/Figuras/Fig2c.jpg Graphic file (typ
e jpg)
 <use /home/delivery/Desktop/ArtemisaLatex1/Figuras/Fig2c.jpg>
[22 </home/delivery/Desktop/ArtemisaLatex1/Figuras/Fig2c.jpg>]
</home/delivery/Desktop/ArtemisaLatex1/Figuras/Fig2d.jpg, id=122, 877.2775pt x 
495.8525pt>
File: /home/delivery/Desktop/ArtemisaLatex1/Figuras/Fig2d.jpg Graphic file (typ
e jpg)
 <use /home/delivery/Desktop/ArtemisaLatex1/Figuras/Fig2d.jpg>
[23 </home/delivery/Desktop/ArtemisaLatex1/Figuras/Fig2d.jpg>]
Overfull \hbox (10.88014pt too wide) in paragraph at lines 1511--1561
[]\T1/ptm/m/n/12 Colección de fir-mas y \T1/ptm/m/it/12 fin-ger-prints \T1/ptm/
m/n/12 (\T1/ptm/m/it/12 sig-na-tures and fin-ger-print col-lec-tion\T1/ptm/m/n/
12 ): difer-entes equipos
 []

[24]
</home/delivery/Desktop/ArtemisaLatex1/Figuras/Fig2e.jpg, id=129, 510.90875pt x
 732.7375pt>
File: /home/delivery/Desktop/ArtemisaLatex1/Figuras/Fig2e.jpg Graphic file (typ
e jpg)
 <use /home/delivery/Desktop/ArtemisaLatex1/Figuras/Fig2e.jpg>

LaTeX Warning: `!h' float specifier changed to `!ht'.

Package acronym Info: Label `acro:cli' newly defined as it shall be overridden
although it is yet undefined on input line 1630.
[25] [26 </home/delivery/Desktop/ArtemisaLatex1/Figuras/Fig2e.jpg>]
Overfull \hbox (15.60934pt too wide) in paragraph at lines 1726--1729
[]\T1/ptm/m/n/12 Donde \T1/pcr/m/n/12 assign, in \T1/ptm/m/n/12 y \T1/pcr/m/n/1
2 add \T1/ptm/m/n/12 son op-er-adores es-pecí-fi-cos, \T1/pcr/m/n/12 FINGERPINT
S \T1/ptm/m/n/12 y \T1/pcr/m/n/12 CONCLUSIONS
 []

[27]
Overfull \hbox (6.88345pt too wide) in paragraph at lines 1730--1738
\T1/pcr/m/n/12 friendly-scanner \T1/ptm/m/n/12 en el en-cabeza de agente de usu
ario del el men-saje SIP[][] en cuestión: 
 []


</home/delivery/Desktop/ArtemisaLatex1/Figuras/Fig2f.jpg, id=140, 628.3475pt x 
575.14874pt>
File: /home/delivery/Desktop/ArtemisaLatex1/Figuras/Fig2f.jpg Graphic file (typ
e jpg)
 <use /home/delivery/Desktop/ArtemisaLatex1/Figuras/Fig2f.jpg>

LaTeX Warning: `!h' float specifier changed to `!ht'.

[28]
</home/delivery/Desktop/ArtemisaLatex1/Figuras/Fig2g.jpg, id=144, 669.50125pt x
 453.695pt>
File: /home/delivery/Desktop/ArtemisaLatex1/Figuras/Fig2g.jpg Graphic file (typ
e jpg)
 <use /home/delivery/Desktop/ArtemisaLatex1/Figuras/Fig2g.jpg>

LaTeX Warning: `!h' float specifier changed to `!ht'.

[29 </home/delivery/Desktop/ArtemisaLatex1/Figuras/Fig2f.jpg (PNG copy)>]
</home/delivery/Desktop/ArtemisaLatex1/Figuras/Fig2h.jpg, id=148, 631.35875pt x
 516.93124pt>
File: /home/delivery/Desktop/ArtemisaLatex1/Figuras/Fig2h.jpg Graphic file (typ
e jpg)
 <use /home/delivery/Desktop/ArtemisaLatex1/Figuras/Fig2h.jpg>

LaTeX Warning: `!h' float specifier changed to `!ht'.

[30 </home/delivery/Desktop/ArtemisaLatex1/Figuras/Fig2g.jpg>] [31 </home/deliv
ery/Desktop/ArtemisaLatex1/Figuras/Fig2h.jpg>]
</home/delivery/Desktop/ArtemisaLatex1/Figuras/Fig2i.jpg, id=155, 635.37375pt x
 659.46375pt>
File: /home/delivery/Desktop/ArtemisaLatex1/Figuras/Fig2i.jpg Graphic file (typ
e jpg)
 <use /home/delivery/Desktop/ArtemisaLatex1/Figuras/Fig2i.jpg>

LaTeX Warning: `!h' float specifier changed to `!ht'.

Package acronym Info: Label `acro:astdb' newly defined as it shall be overridde
n
although it is yet undefined on input line 1988.
Package acronym Info: Label `acro:agi' newly defined as it shall be overridden
although it is yet undefined on input line 1990.

Underfull \hbox (badness 10000) in paragraph at lines 2019--2024

 []

[32] [33 </home/delivery/Desktop/ArtemisaLatex1/Figuras/Fig2i.jpg>]
Underfull \hbox (badness 10000) in paragraph at lines 2051--2053

 []


</home/delivery/Desktop/ArtemisaLatex1/Figuras/Fig2k.jpg, id=163, 747.79375pt x
 226.8475pt>
File: /home/delivery/Desktop/ArtemisaLatex1/Figuras/Fig2k.jpg Graphic file (typ
e jpg)
 <use /home/delivery/Desktop/ArtemisaLatex1/Figuras/Fig2k.jpg>
[34 </home/delivery/Desktop/ArtemisaLatex1/Figuras/Fig2k.jpg (PNG copy)>]
Underfull \hbox (badness 10000) in paragraph at lines 2120--2124

 []

[35]
Underfull \hbox (badness 10000) in paragraph at lines 2202--2211

 []

[36]
Underfull \hbox (badness 10000) in paragraph at lines 2272--2274

 []


Underfull \hbox (badness 10000) in paragraph at lines 2272--2274

 []

[37]
</home/delivery/Desktop/ArtemisaLatex1/Figuras/Fig3.jpg, id=176, 420.82219pt x 
201.75375pt>
File: /home/delivery/Desktop/ArtemisaLatex1/Figuras/Fig3.jpg Graphic file (type
 jpg)
 <use /home/delivery/Desktop/ArtemisaLatex1/Figuras/Fig3.jpg>
</home/delivery/Desktop/ArtemisaLatex1/Figuras/Tab4.jpg, id=177, 1706.375pt x 7
45.78625pt>
File: /home/delivery/Desktop/ArtemisaLatex1/Figuras/Tab4.jpg Graphic file (type
 jpg)
 <use /home/delivery/Desktop/ArtemisaLatex1/Figuras/Tab4.jpg>
[38 </home/delivery/Desktop/ArtemisaLatex1/Figuras/Fig3.jpg> </home/delivery/De
sktop/ArtemisaLatex1/Figuras/Tab4.jpg>]
</home/delivery/Desktop/ArtemisaLatex1/Figuras/llamada_fono_a_twincle.jpg, id=1
82, 745.78625pt x 366.36874pt>
File: /home/delivery/Desktop/ArtemisaLatex1/Figuras/llamada_fono_a_twincle.jpg 
Graphic file (type jpg)

<use /home/delivery/Desktop/ArtemisaLatex1/Figuras/llamada_fono_a_twincle.jpg>
</home/delivery/Desktop/ArtemisaLatex1/Figuras/Llamada_twincle_a_Artemisa.jpg, 
id=183, 759.83875pt x 443.6575pt>
File: /home/delivery/Desktop/ArtemisaLatex1/Figuras/Llamada_twincle_a_Artemisa.
jpg Graphic file (type jpg)

<use /home/delivery/Desktop/ArtemisaLatex1/Figuras/Llamada_twincle_a_Artemisa.j
pg>

LaTeX Warning: `!h' float specifier changed to `!ht'.

[39 </home/delivery/Desktop/ArtemisaLatex1/Figuras/llamada_fono_a_twincle.jpg>]

Underfull \hbox (badness 10000) in paragraph at lines 2363--2365

 []

LaTeX Font Info:    Font shape `T1/ptm/bx/n' in size <8> not available
(Font)              Font shape `T1/ptm/b/n' tried instead on input line 2382.
[40 </home/delivery/Desktop/ArtemisaLatex1/Figuras/Llamada_twincle_a_Artemisa.j
pg>]
</home/delivery/Desktop/ArtemisaLatex1/Figuras/smap_10-10-0-0.jpg, id=190, 700.
6175pt x 441.65pt>
File: /home/delivery/Desktop/ArtemisaLatex1/Figuras/smap_10-10-0-0.jpg Graphic 
file (type jpg)

<use /home/delivery/Desktop/ArtemisaLatex1/Figuras/smap_10-10-0-0.jpg> [41 </ho
me/delivery/Desktop/ArtemisaLatex1/Figuras/smap_10-10-0-0.jpg>]
</home/delivery/Desktop/ArtemisaLatex1/Figuras/smap-250.jpg, id=194, 502.87875p
t x 388.45125pt>
File: /home/delivery/Desktop/ArtemisaLatex1/Figuras/smap-250.jpg Graphic file (
type jpg)

<use /home/delivery/Desktop/ArtemisaLatex1/Figuras/smap-250.jpg>
Overfull \hbox (22.35619pt too wide) in paragraph at lines 2475--2475
 []\T1/pcr/m/n/8 2012-07-11 18:02:37,658 Extension "phone_9" <sip:phone_9@10.10
.0.240:5060> registered, status=200[] 
 []

[42 </home/delivery/Desktop/ArtemisaLatex1/Figuras/smap-250.jpg>]
Overfull \hbox (3.15617pt too wide) in paragraph at lines 2511--2511
 []\T1/pcr/m/n/8 2012-07-11 18:02:52,711 NOTICE This report has been saved on f
ile ./results/2012-07-11_5.html[] 
 []


Underfull \hbox (badness 10000) in paragraph at lines 2517--2523

 []


Underfull \hbox (badness 10000) in paragraph at lines 2528--2528
[][]\T1/ptm/m/n/10 sipscan: her-ramien-ta de es-ca-neo de-sar-rol-la-da por los
 au-tores de \T1/ptm/m/it/10 Hack-ing VoIP[][] ex-posed
 []

[43]
</home/delivery/Desktop/ArtemisaLatex1/Figuras/sip-scan_attack.jpg, id=201, 122
8.59pt x 387.4475pt>
File: /home/delivery/Desktop/ArtemisaLatex1/Figuras/sip-scan_attack.jpg Graphic
 file (type jpg)

<use /home/delivery/Desktop/ArtemisaLatex1/Figuras/sip-scan_attack.jpg>
Overfull \hbox (7.95618pt too wide) in paragraph at lines 2591--2591
 []\T1/pcr/m/n/8 | 10.10.0.40:5060  | Twinkle/1.4.2   | T-Com Speedport W500V /
 Firmware v1.37 MxSF/v3.2.6.26 |[] 
 []


Overfull \hbox (7.95618pt too wide) in paragraph at lines 2592--2592
 []\T1/pcr/m/n/8 | 10.10.0.250:5060 | D-Twinkle/1.4.2 | T-Com Speedport W500V /
 Firmware v1.37 MxSF/v3.2.6.26 |[] 
 []


Overfull \hbox (7.95618pt too wide) in paragraph at lines 2593--2593
 []\T1/pcr/m/n/8 | 10.10.0.240:5060 | Asterisk PBX 1.6.2.9-2+squeeze6 |SJphone/
1.60.289a (SJ Labs)            |[] 
 []


</home/delivery/Desktop/ArtemisaLatex1/Figuras/SVMAPattack.jpg, id=202, 1000.73
875pt x 264.99pt>
File: /home/delivery/Desktop/ArtemisaLatex1/Figuras/SVMAPattack.jpg Graphic fil
e (type jpg)

<use /home/delivery/Desktop/ArtemisaLatex1/Figuras/SVMAPattack.jpg> [44 </home/
delivery/Desktop/ArtemisaLatex1/Figuras/sip-scan_attack.jpg> </home/delivery/De
sktop/ArtemisaLatex1/Figuras/SVMAPattack.jpg>]
Overfull \hbox (22.35619pt too wide) in paragraph at lines 2627--2627
 []\T1/pcr/m/n/8 [*] 10.10.0.240 404 server='Asterisk PBX 1.6.2.9-2+squeeze6' v
erbs='INVITE, ACK, CANCEL, OPTIONS,[] 
 []


Overfull \hbox (22.35619pt too wide) in paragraph at lines 2629--2629
 []\T1/pcr/m/n/8 [*] 10.10.0.240 404 server='Asterisk PBX 1.6.2.9-2+squeeze6' v
erbs='INVITE, ACK, CANCEL, OPTIONS,[] 
 []


Overfull \hbox (22.35619pt too wide) in paragraph at lines 2632--2632
 []\T1/pcr/m/n/8 [*] 10.10.0.240 404 server='Asterisk PBX 1.6.2.9-2+squeeze6' v
erbs='INVITE, ACK, CANCEL, OPTIONS,[] 
 []


Overfull \hbox (22.35619pt too wide) in paragraph at lines 2637--2637
 []\T1/pcr/m/n/8 [*] 10.10.0.240 404 server='Asterisk PBX 1.6.2.9-2+squeeze6' v
erbs='INVITE, ACK, CANCEL, OPTIONS,[] 
 []


Overfull \hbox (22.35619pt too wide) in paragraph at lines 2639--2639
 []\T1/pcr/m/n/8 [*] 10.10.0.240 404 server='Asterisk PBX 1.6.2.9-2+squeeze6' v
erbs='INVITE, ACK, CANCEL, OPTIONS,[] 
 []


</home/delivery/Desktop/ArtemisaLatex1/Figuras/Metaexploit_scanning-attack.jpg,
 id=207, 1202.4925pt x 364.36125pt>
File: /home/delivery/Desktop/ArtemisaLatex1/Figuras/Metaexploit_scanning-attack
.jpg Graphic file (type jpg)

<use /home/delivery/Desktop/ArtemisaLatex1/Figuras/Metaexploit_scanning-attack.
jpg> [45 </home/delivery/Desktop/ArtemisaLatex1/Figuras/Metaexploit_scanning-at
tack.jpg>]
Underfull \hbox (badness 10000) in paragraph at lines 2677--2686

 []

(/usr/share/texmf-texlive/tex/latex/ucs/data/uni-1.def
File: uni-1.def 2004/10/17 UCS: Unicode data U+0100..U+01FF
)
</home/delivery/Desktop/ArtemisaLatex1/Figuras/INVITE_sip2370167112.jpg, id=211
, 493.845pt x 226.8475pt>
File: /home/delivery/Desktop/ArtemisaLatex1/Figuras/INVITE_sip2370167112.jpg Gr
aphic file (type jpg)

<use /home/delivery/Desktop/ArtemisaLatex1/Figuras/INVITE_sip2370167112.jpg>
</home/delivery/Desktop/ArtemisaLatex1/Figuras/INVITE_sip_phone_0.jpg, id=212, 
480.79625pt x 204.765pt>
File: /home/delivery/Desktop/ArtemisaLatex1/Figuras/INVITE_sip_phone_0.jpg Grap
hic file (type jpg)

<use /home/delivery/Desktop/ArtemisaLatex1/Figuras/INVITE_sip_phone_0.jpg>
Overfull \hbox (6.0pt too wide) in paragraph at lines 2723--2731
 [][][][] 
 []

[46 </home/delivery/Desktop/ArtemisaLatex1/Figuras/INVITE_sip2370167112.jpg> </
home/delivery/Desktop/ArtemisaLatex1/Figuras/INVITE_sip_phone_0.jpg>]
</home/delivery/Desktop/ArtemisaLatex1/Figuras/INVITE_phone_1_full_dialog.jpg, 
id=216, 663.47874pt x 365.365pt>
File: /home/delivery/Desktop/ArtemisaLatex1/Figuras/INVITE_phone_1_full_dialog.
jpg Graphic file (type jpg)

<use /home/delivery/Desktop/ArtemisaLatex1/Figuras/INVITE_phone_1_full_dialog.j
pg>
Overfull \hbox (31.95619pt too wide) in paragraph at lines 2768--2768
 []\T1/pcr/m/n/8 2012-07-11 20:51:59,342 Call from "1001" <sip:1001@10.10.0.240
> is EARLY, last code = 180 (Ringing)[] 
 []


Overfull \hbox (31.95619pt too wide) in paragraph at lines 2769--2769
 []\T1/pcr/m/n/8 2012-07-11 20:51:59,345 Call from "1001" <sip:1001@10.10.0.240
> is CONNECTING, last code = 200 (OK)[] 
 []


Overfull \hbox (27.15619pt too wide) in paragraph at lines 2771--2771
 []\T1/pcr/m/n/8 2012-07-11 20:51:59,357 Call from "1001" <sip:1001@10.10.0.240
> is CONFIRMED, last code = 200 (OK)[] 
 []

[47 </home/delivery/Desktop/ArtemisaLatex1/Figuras/INVITE_phone_1_full_dialog.j
pg>]
Overfull \hbox (22.35619pt too wide) in paragraph at lines 2816--2816
 []\T1/pcr/m/n/8 2012-07-11 20:46:18,125 Call from "4184408506" <sip:4184408506
@10.10.0.250> is EARLY, last code =[] 
 []


Overfull \hbox (36.7562pt too wide) in paragraph at lines 2818--2818
 []\T1/pcr/m/n/8 2012-07-11 20:46:18,126 Call from "4184408506" <sip:4184408506
@10.10.0.250> is CONNECTING, last code[] 
 []


Overfull \hbox (12.75618pt too wide) in paragraph at lines 2822--2822
 []\T1/pcr/m/n/8 2012-07-11 20:46:18,186 The maximum number of calls to simulta
neously analyze has been reached.[] 
 []


Overfull \hbox (12.75618pt too wide) in paragraph at lines 2824--2824
 []\T1/pcr/m/n/8 2012-07-11 20:46:18,187 The maximum number of calls to simulta
neously analyze has been reached.[] 
 []


Overfull \hbox (12.75618pt too wide) in paragraph at lines 2827--2827
 []\T1/pcr/m/n/8 2012-07-11 20:46:18,420 The maximum number of calls to simulta
neously analyze has been reached.[] 
 []


</home/delivery/Desktop/ArtemisaLatex1/Figuras/flood_protection.jpg, id=220, 80
0.9925pt x 596.2275pt>
File: /home/delivery/Desktop/ArtemisaLatex1/Figuras/flood_protection.jpg Graphi
c file (type jpg)

<use /home/delivery/Desktop/ArtemisaLatex1/Figuras/flood_protection.jpg>

LaTeX Warning: `!h' float specifier changed to `!ht'.


Underfull \hbox (badness 10000) in paragraph at lines 2863--2865

 []

[48] [49 </home/delivery/Desktop/ArtemisaLatex1/Figuras/flood_protection.jpg>]
Underfull \hbox (badness 10000) in paragraph at lines 2910--2910

 []


Underfull \hbox (badness 10000) in paragraph at lines 2918--2918

 []


Underfull \hbox (badness 10000) in paragraph at lines 2919--2924

 []


</home/delivery/Desktop/ArtemisaLatex1/Figuras/INVITEFLOOD_tres_msjs.jpg, id=22
7, 603.25375pt x 105.39375pt>
File: /home/delivery/Desktop/ArtemisaLatex1/Figuras/INVITEFLOOD_tres_msjs.jpg G
raphic file (type jpg)

<use /home/delivery/Desktop/ArtemisaLatex1/Figuras/INVITEFLOOD_tres_msjs.jpg>

LaTeX Warning: `!h' float specifier changed to `!ht'.


</home/delivery/Desktop/ArtemisaLatex1/Figuras/INVITEFLOOD_siete200OK.jpg, id=2
28, 618.31pt x 353.32pt>
File: /home/delivery/Desktop/ArtemisaLatex1/Figuras/INVITEFLOOD_siete200OK.jpg 
Graphic file (type jpg)

<use /home/delivery/Desktop/ArtemisaLatex1/Figuras/INVITEFLOOD_siete200OK.jpg>

LaTeX Warning: `!h' float specifier changed to `!ht'.

[50]
Overfull \hbox (12.75618pt too wide) in paragraph at lines 2996--2996
 []\T1/pcr/m/n/8 2012-07-12 13:12:02,291 The maximum number of calls to simulta
neously analyze has been reached.[] 
 []


Overfull \hbox (17.55618pt too wide) in paragraph at lines 3010--3010
 []\T1/pcr/m/n/8 2012-07-12 13:12:07,279 | Fingerprint found. The following att
ack tool was employed: inviteflood[] 
 []

[51 </home/delivery/Desktop/ArtemisaLatex1/Figuras/INVITEFLOOD_tres_msjs.jpg> <
/home/delivery/Desktop/ArtemisaLatex1/Figuras/INVITEFLOOD_siete200OK.jpg>]
Underfull \hbox (badness 10000) in paragraph at lines 3029--3029

 []


Underfull \hbox (badness 10000) in paragraph at lines 3031--3035

 []

[52] [53]
</home/delivery/Desktop/ArtemisaLatex1/Figuras/Fig4.jpg, id=242, 489.32813pt x 
200.24812pt>
File: /home/delivery/Desktop/ArtemisaLatex1/Figuras/Fig4.jpg Graphic file (type
 jpg)
 <use /home/delivery/Desktop/ArtemisaLatex1/Figuras/Fig4.jpg>
</home/delivery/Desktop/ArtemisaLatex1/Figuras/Tab5.jpg, id=243, 1705.37125pt x
 771.88374pt>
File: /home/delivery/Desktop/ArtemisaLatex1/Figuras/Tab5.jpg Graphic file (type
 jpg)
 <use /home/delivery/Desktop/ArtemisaLatex1/Figuras/Tab5.jpg>
[54 </home/delivery/Desktop/ArtemisaLatex1/Figuras/Fig4.jpg> </home/delivery/De
sktop/ArtemisaLatex1/Figuras/Tab5.jpg>]
</home/delivery/Desktop/ArtemisaLatex1/Figuras/Fig4a.jpg, id=247, 874.76813pt x
 624.08156pt>
File: /home/delivery/Desktop/ArtemisaLatex1/Figuras/Fig4a.jpg Graphic file (typ
e jpg)
 <use /home/delivery/Desktop/ArtemisaLatex1/Figuras/Fig4a.jpg>
</home/delivery/Desktop/ArtemisaLatex1/Figuras/Tab4a.jpg, id=248, 693.34032pt x
 437.38406pt>
File: /home/delivery/Desktop/ArtemisaLatex1/Figuras/Tab4a.jpg Graphic file (typ
e jpg)
 <use /home/delivery/Desktop/ArtemisaLatex1/Figuras/Tab4a.jpg>

LaTeX Warning: `!h' float specifier changed to `!ht'.

[55 </home/delivery/Desktop/ArtemisaLatex1/Figuras/Fig4a.jpg>] [56 </home/deliv
ery/Desktop/ArtemisaLatex1/Figuras/Tab4a.jpg>]
</home/delivery/Desktop/ArtemisaLatex1/Figuras/Caso1.jpg, id=256, 724.20563pt x
 364.36125pt>
File: /home/delivery/Desktop/ArtemisaLatex1/Figuras/Caso1.jpg Graphic file (typ
e jpg)
 <use /home/delivery/Desktop/ArtemisaLatex1/Figuras/Caso1.jpg>
</home/delivery/Desktop/ArtemisaLatex1/Figuras/Caso2.jpg, id=257, 724.20563pt x
 365.86688pt>
File: /home/delivery/Desktop/ArtemisaLatex1/Figuras/Caso2.jpg Graphic file (typ
e jpg)
 <use /home/delivery/Desktop/ArtemisaLatex1/Figuras/Caso2.jpg>
</home/delivery/Desktop/ArtemisaLatex1/Figuras/Caso3.jpg, id=258, 724.20563pt x
 248.42813pt>
File: /home/delivery/Desktop/ArtemisaLatex1/Figuras/Caso3.jpg Graphic file (typ
e jpg)
 <use /home/delivery/Desktop/ArtemisaLatex1/Figuras/Caso3.jpg>

LaTeX Warning: `!h' float specifier changed to `!ht'.

[57 </home/delivery/Desktop/ArtemisaLatex1/Figuras/Caso1.jpg> </home/delivery/D
esktop/ArtemisaLatex1/Figuras/Caso2.jpg>]
Underfull \hbox (badness 10000) in paragraph at lines 3311--3315

 []

[58 </home/delivery/Desktop/ArtemisaLatex1/Figuras/Caso3.jpg>]
Package acronym Info: Label `acro:gw' newly defined as it shall be overridden
although it is yet undefined on input line 3332.
 [59]
</home/delivery/Desktop/ArtemisaLatex1/Figuras/Tab1.png, id=268, 1705.37125pt x
 666.49pt>
File: /home/delivery/Desktop/ArtemisaLatex1/Figuras/Tab1.png Graphic file (type
 png)
 <use /home/delivery/Desktop/ArtemisaLatex1/Figuras/Tab1.png>
</home/delivery/Desktop/ArtemisaLatex1/Figuras/Fig1.jpg, id=269, 545.03625pt x 
584.1825pt>
File: /home/delivery/Desktop/ArtemisaLatex1/Figuras/Fig1.jpg Graphic file (type
 jpg)
 <use /home/delivery/Desktop/ArtemisaLatex1/Figuras/Fig1.jpg>

LaTeX Warning: `!h' float specifier changed to `!ht'.


</home/delivery/Desktop/ArtemisaLatex1/Figuras/Fig5.jpg, id=270, 254.45062pt x 
247.67531pt>
File: /home/delivery/Desktop/ArtemisaLatex1/Figuras/Fig5.jpg Graphic file (type
 jpg)
 <use /home/delivery/Desktop/ArtemisaLatex1/Figuras/Fig5.jpg>

LaTeX Warning: `!h' float specifier changed to `!ht'.


</home/delivery/Desktop/ArtemisaLatex1/Figuras/Fig6_n.jpg, id=271, 666.23906pt 
x 599.23875pt>
File: /home/delivery/Desktop/ArtemisaLatex1/Figuras/Fig6_n.jpg Graphic file (ty
pe jpg)
 <use /home/delivery/Desktop/ArtemisaLatex1/Figuras/Fig6_n.jpg>

LaTeX Warning: `!h' float specifier changed to `!ht'.

[60 </home/delivery/Desktop/ArtemisaLatex1/Figuras/Tab1.png (PNG copy)>]
[61 </home/delivery/Desktop/ArtemisaLatex1/Figuras/Fig1.jpg>] [62 </home/delive
ry/Desktop/ArtemisaLatex1/Figuras/Fig5.jpg> </home/delivery/Desktop/ArtemisaLat
ex1/Figuras/Fig6_n.jpg>]
</home/delivery/Desktop/ArtemisaLatex1/Figuras/Fig2.jpg, id=282, 522.45187pt x 
576.65437pt>
File: /home/delivery/Desktop/ArtemisaLatex1/Figuras/Fig2.jpg Graphic file (type
 jpg)
 <use /home/delivery/Desktop/ArtemisaLatex1/Figuras/Fig2.jpg>
[63

 </home/delivery/Desktop/ArtemisaLatex1/Figuras/Fig2.jpg>]
</home/delivery/Desktop/ArtemisaLatex1/Figuras/Tab2.jpg, id=286, 1705.37125pt x
 692.5875pt>
File: /home/delivery/Desktop/ArtemisaLatex1/Figuras/Tab2.jpg Graphic file (type
 jpg)
 <use /home/delivery/Desktop/ArtemisaLatex1/Figuras/Tab2.jpg>
Underfull \hbox (badness 10000) in paragraph at lines 3489--3493

 []

[64 </home/delivery/Desktop/ArtemisaLatex1/Figuras/Tab2.jpg>]
Underfull \hbox (badness 10000) in paragraph at lines 3554--3561

 []


Underfull \hbox (badness 10000) in paragraph at lines 3564--3566

 []

[65]
Underfull \hbox (badness 10000) in paragraph at lines 3663--3665

 []

[66]
Underfull \hbox (badness 10000) in paragraph at lines 3736--3738

 []

[67]
Underfull \hbox (badness 10000) in paragraph at lines 3793--3795

 []


Overfull \hbox (2.47229pt too wide) in paragraph at lines 3807--3811
[]\T1/ptm/m/n/12 180 \T1/ptm/m/it/12 Ring-ing\T1/ptm/m/n/12 : el UA[][] reci-bi
-en-do el IN-VITE es-tá tratan-do de aler-tar al usuario. Es-ta []
 []

[68]
Underfull \hbox (badness 10000) in paragraph at lines 3852--3853

 []


</home/delivery/Desktop/ArtemisaLatex1/Figuras/Fig9a.jpg, id=304, 777.65532pt x
 474.27188pt>
File: /home/delivery/Desktop/ArtemisaLatex1/Figuras/Fig9a.jpg Graphic file (typ
e jpg)
 <use /home/delivery/Desktop/ArtemisaLatex1/Figuras/Fig9a.jpg>
[69 </home/delivery/Desktop/ArtemisaLatex1/Figuras/Fig9a.jpg>]
</home/delivery/Desktop/ArtemisaLatex1/Figuras/Fig9b.jpg, id=308, 780.66656pt x
 472.01344pt>
File: /home/delivery/Desktop/ArtemisaLatex1/Figuras/Fig9b.jpg Graphic file (typ
e jpg)
 <use /home/delivery/Desktop/ArtemisaLatex1/Figuras/Fig9b.jpg>
</home/delivery/Desktop/ArtemisaLatex1/Figuras/Fig9c.jpg, id=309, 783.67781pt x
 468.24937pt>
File: /home/delivery/Desktop/ArtemisaLatex1/Figuras/Fig9c.jpg Graphic file (typ
e jpg)
 <use /home/delivery/Desktop/ArtemisaLatex1/Figuras/Fig9c.jpg>
[70

 </home/delivery/Desktop/ArtemisaLatex1/Figuras/Fig9b.jpg> </home/delivery/Desk
top/ArtemisaLatex1/Figuras/Fig9c.jpg>]
</home/delivery/Desktop/ArtemisaLatex1/Figuras/Fig9d.jpg, id=313, 248.42813pt x
 264.99pt>
File: /home/delivery/Desktop/ArtemisaLatex1/Figuras/Fig9d.jpg Graphic file (typ
e jpg)
 <use /home/delivery/Desktop/ArtemisaLatex1/Figuras/Fig9d.jpg>
</home/delivery/Desktop/ArtemisaLatex1/Figuras/Fig9e.jpg, id=314, 249.93375pt x
 259.7203pt>
File: /home/delivery/Desktop/ArtemisaLatex1/Figuras/Fig9e.jpg Graphic file (typ
e jpg)
 <use /home/delivery/Desktop/ArtemisaLatex1/Figuras/Fig9e.jpg>
</home/delivery/Desktop/ArtemisaLatex1/Figuras/Fig9f.jpg, id=315, 248.42813pt x
 263.48438pt>
File: /home/delivery/Desktop/ArtemisaLatex1/Figuras/Fig9f.jpg Graphic file (typ
e jpg)
 <use /home/delivery/Desktop/ArtemisaLatex1/Figuras/Fig9f.jpg>
Underfull \hbox (badness 10000) in paragraph at lines 3919--3925

 []

[71

 </home/delivery/Desktop/ArtemisaLatex1/Figuras/Fig9d.jpg> </home/delivery/Desk
top/ArtemisaLatex1/Figuras/Fig9e.jpg> </home/delivery/Desktop/ArtemisaLatex1/Fi
guras/Fig9f.jpg>]
Underfull \hbox (badness 10000) in paragraph at lines 3981--3982

 []


</home/delivery/Desktop/ArtemisaLatex1/Figuras/Fig9g.jpg, id=319, 791.95876pt x
 469.00218pt>
File: /home/delivery/Desktop/ArtemisaLatex1/Figuras/Fig9g.jpg Graphic file (typ
e jpg)
 <use /home/delivery/Desktop/ArtemisaLatex1/Figuras/Fig9g.jpg>

LaTeX Warning: `!h' float specifier changed to `!ht'.


</home/delivery/Desktop/ArtemisaLatex1/Figuras/Fig9h.jpg, id=320, 797.98125pt x
 467.49657pt>
File: /home/delivery/Desktop/ArtemisaLatex1/Figuras/Fig9h.jpg Graphic file (typ
e jpg)
 <use /home/delivery/Desktop/ArtemisaLatex1/Figuras/Fig9h.jpg>

LaTeX Warning: `!h' float specifier changed to `!ht'.


</home/delivery/Desktop/ArtemisaLatex1/Figuras/Fig9i.jpg, id=321, 800.23969pt x
 468.24937pt>
File: /home/delivery/Desktop/ArtemisaLatex1/Figuras/Fig9i.jpg Graphic file (typ
e jpg)
 <use /home/delivery/Desktop/ArtemisaLatex1/Figuras/Fig9i.jpg>

LaTeX Warning: `!h' float specifier changed to `!ht'.


</home/delivery/Desktop/ArtemisaLatex1/Figuras/Fig9j.jpg, id=322, 249.93375pt x
 264.23718pt>
File: /home/delivery/Desktop/ArtemisaLatex1/Figuras/Fig9j.jpg Graphic file (typ
e jpg)
 <use /home/delivery/Desktop/ArtemisaLatex1/Figuras/Fig9j.jpg>
</home/delivery/Desktop/ArtemisaLatex1/Figuras/Fig9k.jpg, id=323, 249.93375pt x
 264.23718pt>
File: /home/delivery/Desktop/ArtemisaLatex1/Figuras/Fig9k.jpg Graphic file (typ
e jpg)
 <use /home/delivery/Desktop/ArtemisaLatex1/Figuras/Fig9k.jpg>
</home/delivery/Desktop/ArtemisaLatex1/Figuras/Fig9l.jpg, id=324, 248.42813pt x
 265.74281pt>
File: /home/delivery/Desktop/ArtemisaLatex1/Figuras/Fig9l.jpg Graphic file (typ
e jpg)
 <use /home/delivery/Desktop/ArtemisaLatex1/Figuras/Fig9l.jpg>

LaTeX Warning: `!h' float specifier changed to `!ht'.

[72] [73 </home/delivery/Desktop/ArtemisaLatex1/Figuras/Fig9g.jpg> </home/deliv
ery/Desktop/ArtemisaLatex1/Figuras/Fig9h.jpg>] [74 </home/delivery/Desktop/Arte
misaLatex1/Figuras/Fig9i.jpg> </home/delivery/Desktop/ArtemisaLatex1/Figuras/Fi
g9j.jpg> </home/delivery/Desktop/ArtemisaLatex1/Figuras/Fig9k.jpg> </home/deliv
ery/Desktop/ArtemisaLatex1/Figuras/Fig9l.jpg>]
Overfull \hbox (1.23952pt too wide) in paragraph at lines 4074--4082
[]\T1/ptm/m/n/12 Se con-tinúa con el análi-sis de la can-ti-dad de lla-madas Vo
IP[][] to-tal en las in-stan-cias de Artemisa
 []


</home/delivery/Desktop/ArtemisaLatex1/Figuras/Fig9m.jpg, id=335, 319.1925pt x 
229.60782pt>
File: /home/delivery/Desktop/ArtemisaLatex1/Figuras/Fig9m.jpg Graphic file (typ
e jpg)
 <use /home/delivery/Desktop/ArtemisaLatex1/Figuras/Fig9m.jpg>
</home/delivery/Desktop/ArtemisaLatex1/Figuras/Fig9n.jpg, id=336, 325.215pt x 2
25.09094pt>
File: /home/delivery/Desktop/ArtemisaLatex1/Figuras/Fig9n.jpg Graphic file (typ
e jpg)
 <use /home/delivery/Desktop/ArtemisaLatex1/Figuras/Fig9n.jpg>
</home/delivery/Desktop/ArtemisaLatex1/Figuras/Fig9o.jpg, id=337, 319.94531pt x
 224.33812pt>
File: /home/delivery/Desktop/ArtemisaLatex1/Figuras/Fig9o.jpg Graphic file (typ
e jpg)
 <use /home/delivery/Desktop/ArtemisaLatex1/Figuras/Fig9o.jpg>
</home/delivery/Desktop/ArtemisaLatex1/Figuras/Fig9p.jpg, id=338, 252.19218pt x
 264.99pt>
File: /home/delivery/Desktop/ArtemisaLatex1/Figuras/Fig9p.jpg Graphic file (typ
e jpg)
 <use /home/delivery/Desktop/ArtemisaLatex1/Figuras/Fig9p.jpg>
</home/delivery/Desktop/ArtemisaLatex1/Figuras/Fig9q.jpg, id=339, 252.945pt x 2
64.99pt>
File: /home/delivery/Desktop/ArtemisaLatex1/Figuras/Fig9q.jpg Graphic file (typ
e jpg)
 <use /home/delivery/Desktop/ArtemisaLatex1/Figuras/Fig9q.jpg>
</home/delivery/Desktop/ArtemisaLatex1/Figuras/Fig9r.jpg, id=340, 255.95625pt x
 261.22594pt>
File: /home/delivery/Desktop/ArtemisaLatex1/Figuras/Fig9r.jpg Graphic file (typ
e jpg)
 <use /home/delivery/Desktop/ArtemisaLatex1/Figuras/Fig9r.jpg>
[75

 </home/delivery/Desktop/ArtemisaLatex1/Figuras/Fig9m.jpg> </home/delivery/Desk
top/ArtemisaLatex1/Figuras/Fig9n.jpg> </home/delivery/Desktop/ArtemisaLatex1/Fi
guras/Fig9o.jpg> </home/delivery/Desktop/ArtemisaLatex1/Figuras/Fig9p.jpg> </ho
me/delivery/Desktop/ArtemisaLatex1/Figuras/Fig9q.jpg> </home/delivery/Desktop/A
rtemisaLatex1/Figuras/Fig9r.jpg>]
Overfull \hbox (4.90536pt too wide) in paragraph at lines 4150--4153
[]\T1/ptm/m/n/12 483 \T1/ptm/m/it/12 Too Many Hops\T1/ptm/m/n/12 : el servi-dor
 recibió una so-lic-i-tud que con-tiene el cam-po \T1/ptm/m/it/12 Max-Forwards
 []


Underfull \hbox (badness 10000) in paragraph at lines 4179--4185

 []


Underfull \hbox (badness 10000) in paragraph at lines 4194--4196

 []

[76]
</home/delivery/Desktop/ArtemisaLatex1/Figuras/Fig9s.jpg, id=347, 801.74532pt x
 469.755pt>
File: /home/delivery/Desktop/ArtemisaLatex1/Figuras/Fig9s.jpg Graphic file (typ
e jpg)
 <use /home/delivery/Desktop/ArtemisaLatex1/Figuras/Fig9s.jpg>
</home/delivery/Desktop/ArtemisaLatex1/Figuras/Fig9t.jpg, id=348, 506.6428pt x 
468.24937pt>
File: /home/delivery/Desktop/ArtemisaLatex1/Figuras/Fig9t.jpg Graphic file (typ
e jpg)
 <use /home/delivery/Desktop/ArtemisaLatex1/Figuras/Fig9t.jpg>

LaTeX Warning: `!h' float specifier changed to `!ht'.


Underfull \hbox (badness 10000) in paragraph at lines 4242--4246

 []

[77 </home/delivery/Desktop/ArtemisaLatex1/Figuras/Fig9s.jpg>] [78 </home/deliv
ery/Desktop/ArtemisaLatex1/Figuras/Fig9t.jpg>]
Underfull \hbox (badness 10000) in paragraph at lines 4306--4307

 []


</home/delivery/Desktop/ArtemisaLatex1/Figuras/Fig9u.jpg, id=355, 804.00375pt x
 471.26062pt>
File: /home/delivery/Desktop/ArtemisaLatex1/Figuras/Fig9u.jpg Graphic file (typ
e jpg)
 <use /home/delivery/Desktop/ArtemisaLatex1/Figuras/Fig9u.jpg>

LaTeX Warning: `!h' float specifier changed to `!ht'.


</home/delivery/Desktop/ArtemisaLatex1/Figuras/Fig9v.jpg, id=356, 511.9125pt x 
473.51906pt>
File: /home/delivery/Desktop/ArtemisaLatex1/Figuras/Fig9v.jpg Graphic file (typ
e jpg)
 <use /home/delivery/Desktop/ArtemisaLatex1/Figuras/Fig9v.jpg>

LaTeX Warning: `!h' float specifier changed to `!ht'.

[79] [80 </home/delivery/Desktop/ArtemisaLatex1/Figuras/Fig9u.jpg> </home/deliv
ery/Desktop/ArtemisaLatex1/Figuras/Fig9v.jpg>]
</home/delivery/Desktop/ArtemisaLatex1/Figuras/Fig9w.jpg, id=364, 425.33907pt x
 473.51906pt>
File: /home/delivery/Desktop/ArtemisaLatex1/Figuras/Fig9w.jpg Graphic file (typ
e jpg)
 <use /home/delivery/Desktop/ArtemisaLatex1/Figuras/Fig9w.jpg>
</home/delivery/Desktop/ArtemisaLatex1/Figuras/Fig9x.jpg, id=365, 423.08063pt x
 475.02469pt>
File: /home/delivery/Desktop/ArtemisaLatex1/Figuras/Fig9x.jpg Graphic file (typ
e jpg)
 <use /home/delivery/Desktop/ArtemisaLatex1/Figuras/Fig9x.jpg>
Overfull \hbox (7.81996pt too wide) in paragraph at lines 4349--4355
 [][][] 
 []

[81

 </home/delivery/Desktop/ArtemisaLatex1/Figuras/Fig9w.jpg> </home/delivery/Desk
top/ArtemisaLatex1/Figuras/Fig9x.jpg>]
</home/delivery/Desktop/ArtemisaLatex1/Figuras/Fig91a.jpg, id=369, 809.27344pt 
x 356.83313pt>
File: /home/delivery/Desktop/ArtemisaLatex1/Figuras/Fig91a.jpg Graphic file (ty
pe jpg)
 <use /home/delivery/Desktop/ArtemisaLatex1/Figuras/Fig91a.jpg>
</home/delivery/Desktop/ArtemisaLatex1/Figuras/Fig91b.jpg, id=370, 808.52063pt 
x 355.3275pt>
File: /home/delivery/Desktop/ArtemisaLatex1/Figuras/Fig91b.jpg Graphic file (ty
pe jpg)
 <use /home/delivery/Desktop/ArtemisaLatex1/Figuras/Fig91b.jpg>

LaTeX Warning: `!h' float specifier changed to `!ht'.


</home/delivery/Desktop/ArtemisaLatex1/Figuras/Fig91c.jpg, id=371, 810.77907pt 
x 356.83313pt>
File: /home/delivery/Desktop/ArtemisaLatex1/Figuras/Fig91c.jpg Graphic file (ty
pe jpg)
 <use /home/delivery/Desktop/ArtemisaLatex1/Figuras/Fig91c.jpg>

LaTeX Warning: `!h' float specifier changed to `!ht'.


</home/delivery/Desktop/ArtemisaLatex1/Figuras/Fig91d.jpg, id=372, 289.83281pt 
x 288.3272pt>
File: /home/delivery/Desktop/ArtemisaLatex1/Figuras/Fig91d.jpg Graphic file (ty
pe jpg)
 <use /home/delivery/Desktop/ArtemisaLatex1/Figuras/Fig91d.jpg>
</home/delivery/Desktop/ArtemisaLatex1/Figuras/Fig91e.jpg, id=373, 287.57437pt 
x 290.58563pt>
File: /home/delivery/Desktop/ArtemisaLatex1/Figuras/Fig91e.jpg Graphic file (ty
pe jpg)
 <use /home/delivery/Desktop/ArtemisaLatex1/Figuras/Fig91e.jpg>
</home/delivery/Desktop/ArtemisaLatex1/Figuras/Fig91f.jpg, id=374, 289.83281pt 
x 292.84406pt>
File: /home/delivery/Desktop/ArtemisaLatex1/Figuras/Fig91f.jpg Graphic file (ty
pe jpg)
 <use /home/delivery/Desktop/ArtemisaLatex1/Figuras/Fig91f.jpg>

LaTeX Warning: `!h' float specifier changed to `!ht'.

[82 </home/delivery/Desktop/ArtemisaLatex1/Figuras/Fig91a.jpg>] [83 </home/deli
very/Desktop/ArtemisaLatex1/Figuras/Fig91b.jpg> </home/delivery/Desktop/Artemis
aLatex1/Figuras/Fig91c.jpg> </home/delivery/Desktop/ArtemisaLatex1/Figuras/Fig9
1d.jpg> </home/delivery/Desktop/ArtemisaLatex1/Figuras/Fig91e.jpg> </home/deliv
ery/Desktop/ArtemisaLatex1/Figuras/Fig91f.jpg>]
Underfull \hbox (badness 10000) in paragraph at lines 4537--4541

 []


</home/delivery/Desktop/ArtemisaLatex1/Figuras/Fig91g.jpg, id=381, 555.57562pt 
x 436.63126pt>
File: /home/delivery/Desktop/ArtemisaLatex1/Figuras/Fig91g.jpg Graphic file (ty
pe jpg)
 <use /home/delivery/Desktop/ArtemisaLatex1/Figuras/Fig91g.jpg>
</home/delivery/Desktop/ArtemisaLatex1/Figuras/Fig91h.jpg, id=382, 328.22626pt 
x 435.87843pt>
File: /home/delivery/Desktop/ArtemisaLatex1/Figuras/Fig91h.jpg Graphic file (ty
pe jpg)
 <use /home/delivery/Desktop/ArtemisaLatex1/Figuras/Fig91h.jpg>

LaTeX Warning: `!h' float specifier changed to `!ht'.

[84] [85 </home/delivery/Desktop/ArtemisaLatex1/Figuras/Fig91g.jpg> </home/deli
very/Desktop/ArtemisaLatex1/Figuras/Fig91h.jpg>] [86]
Overfull \hbox (8.279pt too wide) in paragraph at lines 4686--4690
\T1/ptm/m/n/12 es de-cir, en lu-gar de [1000], use al-go co-mo una MAC ad-dress
 (por ejem-p-lo: [0004f2123456]
 []


Underfull \hbox (badness 10000) in paragraph at lines 4695--4696

 []

[87]
Package acronym Info: Label `acro:iana' newly defined as it shall be overridden

although it is yet undefined on input line 4807.

</home/delivery/Desktop/ArtemisaLatex1/Figuras/Fig93.jpg, id=396, 921.4425pt x 
473.77pt>
File: /home/delivery/Desktop/ArtemisaLatex1/Figuras/Fig93.jpg Graphic file (typ
e jpg)
 <use /home/delivery/Desktop/ArtemisaLatex1/Figuras/Fig93.jpg>

LaTeX Warning: `!h' float specifier changed to `!ht'.

[88]
</home/delivery/Desktop/ArtemisaLatex1/Figuras/Tab5c.jpg, id=400, 447.17062pt x
 289.83281pt>
File: /home/delivery/Desktop/ArtemisaLatex1/Figuras/Tab5c.jpg Graphic file (typ
e jpg)
 <use /home/delivery/Desktop/ArtemisaLatex1/Figuras/Tab5c.jpg>
</home/delivery/Desktop/ArtemisaLatex1/Figuras/Fig92i.jpg, id=401, 266.49562pt 
x 217.5628pt>
File: /home/delivery/Desktop/ArtemisaLatex1/Figuras/Fig92i.jpg Graphic file (ty
pe jpg)
 <use /home/delivery/Desktop/ArtemisaLatex1/Figuras/Fig92i.jpg>
</home/delivery/Desktop/ArtemisaLatex1/Figuras/Fig92j.jpg, id=402, 201.00093pt 
x 217.5628pt>
File: /home/delivery/Desktop/ArtemisaLatex1/Figuras/Fig92j.jpg Graphic file (ty
pe jpg)
 <use /home/delivery/Desktop/ArtemisaLatex1/Figuras/Fig92j.jpg>

LaTeX Warning: `!h' float specifier changed to `!ht'.


</home/delivery/Desktop/ArtemisaLatex1/Figuras/Fig92k.jpg, id=403, 267.24844pt 
x 217.5628pt>
File: /home/delivery/Desktop/ArtemisaLatex1/Figuras/Fig92k.jpg Graphic file (ty
pe jpg)
 <use /home/delivery/Desktop/ArtemisaLatex1/Figuras/Fig92k.jpg>
</home/delivery/Desktop/ArtemisaLatex1/Figuras/Fig92l.jpg, id=404, 197.98969pt 
x 216.81pt>
File: /home/delivery/Desktop/ArtemisaLatex1/Figuras/Fig92l.jpg Graphic file (ty
pe jpg)
 <use /home/delivery/Desktop/ArtemisaLatex1/Figuras/Fig92l.jpg>

LaTeX Warning: `!h' float specifier changed to `!ht'.


</home/delivery/Desktop/ArtemisaLatex1/Figuras/Tab5d.jpg, id=405, 464.4853pt x 
700.86844pt>
File: /home/delivery/Desktop/ArtemisaLatex1/Figuras/Tab5d.jpg Graphic file (typ
e jpg)
 <use /home/delivery/Desktop/ArtemisaLatex1/Figuras/Tab5d.jpg>

LaTeX Warning: `!h' float specifier changed to `!ht'.


</home/delivery/Desktop/ArtemisaLatex1/Figuras/Fig92m.jpg, id=406, 254.45062pt 
x 217.5628pt>
File: /home/delivery/Desktop/ArtemisaLatex1/Figuras/Fig92m.jpg Graphic file (ty
pe jpg)
 <use /home/delivery/Desktop/ArtemisaLatex1/Figuras/Fig92m.jpg>
</home/delivery/Desktop/ArtemisaLatex1/Figuras/Fig92n.jpg, id=407, 192.72pt x 2
16.05719pt>
File: /home/delivery/Desktop/ArtemisaLatex1/Figuras/Fig92n.jpg Graphic file (ty
pe jpg)
 <use /home/delivery/Desktop/ArtemisaLatex1/Figuras/Fig92n.jpg>

LaTeX Warning: `!h' float specifier changed to `!ht'.


</home/delivery/Desktop/ArtemisaLatex1/Figuras/Fig92o.jpg, id=408, 253.69781pt 
x 312.41719pt>
File: /home/delivery/Desktop/ArtemisaLatex1/Figuras/Fig92o.jpg Graphic file (ty
pe jpg)
 <use /home/delivery/Desktop/ArtemisaLatex1/Figuras/Fig92o.jpg>
</home/delivery/Desktop/ArtemisaLatex1/Figuras/Fig92p.jpg, id=409, 182.93344pt 
x 310.15875pt>
File: /home/delivery/Desktop/ArtemisaLatex1/Figuras/Fig92p.jpg Graphic file (ty
pe jpg)
 <use /home/delivery/Desktop/ArtemisaLatex1/Figuras/Fig92p.jpg>

LaTeX Warning: `!h' float specifier changed to `!ht'.


</home/delivery/Desktop/ArtemisaLatex1/Figuras/Tab5a.jpg, id=410, 423.83344pt x
 869.49844pt>
File: /home/delivery/Desktop/ArtemisaLatex1/Figuras/Tab5a.jpg Graphic file (typ
e jpg)
 <use /home/delivery/Desktop/ArtemisaLatex1/Figuras/Tab5a.jpg>

LaTeX Warning: `!h' float specifier changed to `!ht'.

[89 </home/delivery/Desktop/ArtemisaLatex1/Figuras/Fig93.jpg (PNG copy)> </home
/delivery/Desktop/ArtemisaLatex1/Figuras/Tab5c.jpg>] [90 </home/delivery/Deskto
p/ArtemisaLatex1/Figuras/Fig92i.jpg> </home/delivery/Desktop/ArtemisaLatex1/Fig
uras/Fig92j.jpg> </home/delivery/Desktop/ArtemisaLatex1/Figuras/Fig92k.jpg> </h
ome/delivery/Desktop/ArtemisaLatex1/Figuras/Fig92l.jpg>] [91 </home/delivery/De
sktop/ArtemisaLatex1/Figuras/Tab5d.jpg>] [92 </home/delivery/Desktop/ArtemisaLa
tex1/Figuras/Fig92m.jpg> </home/delivery/Desktop/ArtemisaLatex1/Figuras/Fig92n.
jpg> </home/delivery/Desktop/ArtemisaLatex1/Figuras/Fig92o.jpg> </home/delivery
/Desktop/ArtemisaLatex1/Figuras/Fig92p.jpg>] [93 </home/delivery/Desktop/Artemi
saLatex1/Figuras/Tab5a.jpg>]
</home/delivery/Desktop/ArtemisaLatex1/Figuras/Fig92a.jpg, id=427, 255.20343pt 
x 217.5628pt>
File: /home/delivery/Desktop/ArtemisaLatex1/Figuras/Fig92a.jpg Graphic file (ty
pe jpg)
 <use /home/delivery/Desktop/ArtemisaLatex1/Figuras/Fig92a.jpg>
</home/delivery/Desktop/ArtemisaLatex1/Figuras/Fig92b.jpg, id=428, 238.64156pt 
x 215.30438pt>
File: /home/delivery/Desktop/ArtemisaLatex1/Figuras/Fig92b.jpg Graphic file (ty
pe jpg)
 <use /home/delivery/Desktop/ArtemisaLatex1/Figuras/Fig92b.jpg>
</home/delivery/Desktop/ArtemisaLatex1/Figuras/Fig92c.jpg, id=429, 255.95625pt 
x 217.5628pt>
File: /home/delivery/Desktop/ArtemisaLatex1/Figuras/Fig92c.jpg Graphic file (ty
pe jpg)
 <use /home/delivery/Desktop/ArtemisaLatex1/Figuras/Fig92c.jpg>
</home/delivery/Desktop/ArtemisaLatex1/Figuras/Fig92d.jpg, id=430, 237.13594pt 
x 217.5628pt>
File: /home/delivery/Desktop/ArtemisaLatex1/Figuras/Fig92d.jpg Graphic file (ty
pe jpg)
 <use /home/delivery/Desktop/ArtemisaLatex1/Figuras/Fig92d.jpg>
</home/delivery/Desktop/ArtemisaLatex1/Figuras/Tab5b.jpg, id=431, 447.17062pt x
 1038.88126pt>
File: /home/delivery/Desktop/ArtemisaLatex1/Figuras/Tab5b.jpg Graphic file (typ
e jpg)
 <use /home/delivery/Desktop/ArtemisaLatex1/Figuras/Tab5b.jpg>

LaTeX Warning: Float too large for page by 6.6878pt on input line 4966.


LaTeX Warning: `!h' float specifier changed to `!ht'.

[94

 </home/delivery/Desktop/ArtemisaLatex1/Figuras/Fig92a.jpg> </home/delivery/Des
ktop/ArtemisaLatex1/Figuras/Fig92b.jpg> </home/delivery/Desktop/ArtemisaLatex1/
Figuras/Fig92c.jpg> </home/delivery/Desktop/ArtemisaLatex1/Figuras/Fig92d.jpg>]
 [95 </home/delivery/Desktop/ArtemisaLatex1/Figuras/Tab5b.jpg>]
</home/delivery/Desktop/ArtemisaLatex1/Figuras/Fig92e.jpg, id=438, 260.47313pt 
x 217.5628pt>
File: /home/delivery/Desktop/ArtemisaLatex1/Figuras/Fig92e.jpg Graphic file (ty
pe jpg)
 <use /home/delivery/Desktop/ArtemisaLatex1/Figuras/Fig92e.jpg>
</home/delivery/Desktop/ArtemisaLatex1/Figuras/Fig92f.jpg, id=439, 237.13594pt 
x 217.5628pt>
File: /home/delivery/Desktop/ArtemisaLatex1/Figuras/Fig92f.jpg Graphic file (ty
pe jpg)
 <use /home/delivery/Desktop/ArtemisaLatex1/Figuras/Fig92f.jpg>
</home/delivery/Desktop/ArtemisaLatex1/Figuras/Fig92g.jpg, id=440, 258.21469pt 
x 217.5628pt>
File: /home/delivery/Desktop/ArtemisaLatex1/Figuras/Fig92g.jpg Graphic file (ty
pe jpg)
 <use /home/delivery/Desktop/ArtemisaLatex1/Figuras/Fig92g.jpg>
</home/delivery/Desktop/ArtemisaLatex1/Figuras/Fig92h.jpg, id=441, 236.38312pt 
x 217.5628pt>
File: /home/delivery/Desktop/ArtemisaLatex1/Figuras/Fig92h.jpg Graphic file (ty
pe jpg)
 <use /home/delivery/Desktop/ArtemisaLatex1/Figuras/Fig92h.jpg>
[96

 </home/delivery/Desktop/ArtemisaLatex1/Figuras/Fig92e.jpg> </home/delivery/Des
ktop/ArtemisaLatex1/Figuras/Fig92f.jpg> </home/delivery/Desktop/ArtemisaLatex1/
Figuras/Fig92g.jpg> </home/delivery/Desktop/ArtemisaLatex1/Figuras/Fig92h.jpg>]
 [97] [98]
Package acronym Info: Label `acro:xml' newly defined as it shall be overridden
although it is yet undefined on input line 5134.
 [99

] [100] [101] [102]
</home/delivery/Desktop/ArtemisaLatex1/Figuras/Fig7.jpg, id=464, 581.92406pt x 
438.8897pt>
File: /home/delivery/Desktop/ArtemisaLatex1/Figuras/Fig7.jpg Graphic file (type
 jpg)
 <use /home/delivery/Desktop/ArtemisaLatex1/Figuras/Fig7.jpg>

LaTeX Warning: `!h' float specifier changed to `!ht'.

[103] [104 </home/delivery/Desktop/ArtemisaLatex1/Figuras/Fig7.jpg>]
</home/delivery/Desktop/ArtemisaLatex1/Figuras/Fig8.jpg, id=472, 581.92406pt x 
438.8897pt>
File: /home/delivery/Desktop/ArtemisaLatex1/Figuras/Fig8.jpg Graphic file (type
 jpg)
 <use /home/delivery/Desktop/ArtemisaLatex1/Figuras/Fig8.jpg>
[105 </home/delivery/Desktop/ArtemisaLatex1/Figuras/Fig8.jpg>]
Underfull \hbox (badness 10000) in paragraph at lines 5597--5602

 []

[106] [107]
Underfull \hbox (badness 10000) in paragraph at lines 5697--5698

 []


Underfull \hbox (badness 10000) in paragraph at lines 5756--5761

 []

[108] [109]
</home/delivery/Desktop/ArtemisaLatex1/Figuras/Fig9.jpg, id=488, 581.92406pt x 
438.8897pt>
File: /home/delivery/Desktop/ArtemisaLatex1/Figuras/Fig9.jpg Graphic file (type
 jpg)
 <use /home/delivery/Desktop/ArtemisaLatex1/Figuras/Fig9.jpg>
Underfull \hbox (badness 10000) in paragraph at lines 5840--5843

 []

[110 </home/delivery/Desktop/ArtemisaLatex1/Figuras/Fig9.jpg>]
Underfull \hbox (badness 10000) in paragraph at lines 5885--5889

 []


Underfull \hbox (badness 10000) in paragraph at lines 5920--5922

 []

[111]
Underfull \hbox (badness 10000) in paragraph at lines 5951--5954

 []

[112]
Underfull \hbox (badness 10000) in paragraph at lines 6039--6041

 []

[113]
Package acronym Info: Label `acro:ipbx' newly defined as it shall be overridden

although it is yet undefined on input line 6107.
Package acronym Info: Label `acro:ldap' newly defined as it shall be overridden

although it is yet undefined on input line 6107.

Underfull \hbox (badness 10000) in paragraph at lines 6113--6120

 []

[114]
Package acronym Info: Label `acro:isn' newly defined as it shall be overridden
although it is yet undefined on input line 6183.

Overfull \hbox (9.65045pt too wide) in paragraph at lines 6208--6218
\T1/pcr/m/n/12 /home/delivery/Desktop/artemisa_1.1.8/fingerprint\T1/ptm/m/n/12 
. A con-tin-uación se pre-
 []


Underfull \hbox (badness 10000) in paragraph at lines 6208--6218

 []

[115] [116] [117] [118

]
Underfull \hbox (badness 10000) in paragraph at lines 6405--6406

 []

Package acronym Info: Label `acro:ftp' newly defined as it shall be overridden
although it is yet undefined on input line 6419.
Package acronym Info: Label `acro:vpn' newly defined as it shall be overridden
although it is yet undefined on input line 6420.
[119] (./1er_Informe_Proyecto_Artemisa.bbl
Underfull \hbox (badness 10000) in paragraph at lines 11--17
[]\T1/ptm/m/n/12 Antonopolous A. M. (2011).  Hon-ey-pots for hack-er de-tec-tio
n.  $\T1/pcr/m/n/12 http :
 []


Underfull \hbox (badness 10000) in paragraph at lines 11--17
\T1/pcr/m/n/12 / / www . networkworld . com / article / 2213251 / network-[]sec
urity /
 []


Underfull \hbox (badness 10000) in paragraph at lines 66--73
\T1/pcr/m/n/12 honeynet / wp-[]content / uploads / 2009 / 09 / proyecto-[]honey
net-[]utpl .
 []


Underfull \hbox (badness 1264) in paragraph at lines 82--89
[]\T1/ptm/m/n/12 Greene T. (2011).  Bot-nets, cloud com-put-ing pow-er may be f
u-el-ing at-tacks against
 []


Underfull \hbox (badness 10000) in paragraph at lines 82--89
\T1/ptm/m/n/12 VoIP.  $\T1/pcr/m/n/12 http : / / www . networkworld . com / art
icle / 2200806 / voip /
 []


Overfull \hbox (38.03062pt too wide) in paragraph at lines 82--89
\T1/pcr/m/n/12 botnets-[]-[]cloud-[]computing-[]power-[]may-[]be-[]fueling-[]at
tacks-[]against-[]voip .
 []

[120


]
Underfull \hbox (badness 10000) in paragraph at lines 109--113
[]\T1/ptm/m/n/12 Kidd E. (2012).  XML-RPC HOW-TO.  $\T1/pcr/m/n/12 http : / / w
ww . tldp . org / HOWTO /
 []

(/usr/share/texmf-texlive/tex/latex/ucs/data/uni-33.def
File: uni-33.def 2004/10/17 UCS: Unicode data U+2100..U+21FF
)
Underfull \hbox (badness 10000) in paragraph at lines 115--121
\T1/pcr/m/n/12 www . asteriskdocs . org / en / 3rd \ _Edition / asterisk-[]book
-[]html-[]chunk /
 []


Underfull \hbox (badness 7468) in paragraph at lines 129--135
[]\T1/ptm/m/n/12 Messmer E. (2011).  Mas-sive DDos at-tacks a grow-ing threat t
o VoIP ser-
 []


Underfull \hbox (badness 10000) in paragraph at lines 129--135
\T1/ptm/m/n/12 vices.  $\T1/pcr/m/n/12 http : / / www . networkworld . com / ar
ticle / 2181743 / voip /
 []


Underfull \hbox (badness 10000) in paragraph at lines 129--135
\T1/pcr/m/n/12 massive-[]ddos-[]attacks-[]a-[]growing-[]threat-[]to-[]voip-[]se
rvices . html$\T1/ptm/m/n/12 .
 []


Underfull \hbox (badness 5924) in paragraph at lines 137--143
[]\T1/ptm/m/n/12 Microsoft\TS1/ptm/m/n/12 ® \T1/ptm/m/n/12 (2015).  SQL In-jec-
tion.  $\T1/pcr/m/n/12 https : / / technet . microsoft . com /
 []


Underfull \hbox (badness 10000) in paragraph at lines 137--143
\T1/pcr/m/n/12 en-[]us / library / ms161953 % 28v = sql . 105 % 29 . aspx ? f =
 255&MSPPError =
 []


Underfull \hbox (badness 4391) in paragraph at lines 186--192
[]\T1/ptm/m/n/12 Riehle D. (2000).  Frame-work De-sign: A Role Mod-el-ing Ap-pr
oach.  $\T1/pcr/m/n/12 http :
 []


Underfull \hbox (badness 10000) in paragraph at lines 186--192
\T1/pcr/m/n/12 / / dirkriehle . com / computer-[]science / research / dissertat
ion /
 []

[121]
Underfull \hbox (badness 4205) in paragraph at lines 206--212
[]\T1/ptm/m/n/12 Symantec TM\TS1/ptm/m/n/12 ® \T1/ptm/m/n/12 Tech-Net (2011).  
Vul-ner-a-bil-i-ty Trends. Zero-Day Vul-ner-a-bil-i-ties.
 []


Underfull \hbox (badness 10000) in paragraph at lines 206--212
\T1/pcr/m/n/12 http : / / securityresponse . symantec . com / threatreport / to
pic . jsp ?
 []


Underfull \hbox (badness 10000) in paragraph at lines 221--227
[]\T1/ptm/m/n/12 Wei Chen (2006).  Sip pro-gram-ming for the Ja-va de-vel-op-er
.  $\T1/pcr/m/n/12 http : / /
 []


Underfull \hbox (badness 10000) in paragraph at lines 221--227
\T1/pcr/m/n/12 www . javaworld . com / article / 2071781 / java-[]web-[]develop
ment /
 []


Underfull \hbox (badness 10000) in paragraph at lines 229--235
\T1/pcr/m/n/12 dwheeler . com / secure-[]programs / Secure-[]Programs-[]HOWTO /
 index . html$\T1/ptm/m/n/12 .
 []

) [122] [123

] [124] [125] [126

]
Underfull \hbox (badness 10000) in paragraph at lines 6525--6538

 []


Underfull \hbox (badness 10000) in paragraph at lines 6525--6538

 []


Underfull \hbox (badness 10000) in paragraph at lines 6539--6543

 []


Underfull \hbox (badness 10000) in paragraph at lines 6546--6547

 []


Underfull \hbox (badness 10000) in paragraph at lines 6552--6553

 []


Underfull \hbox (badness 10000) in paragraph at lines 6561--6562

 []


Underfull \hbox (badness 10000) in paragraph at lines 6571--6572

 []


Underfull \hbox (badness 10000) in paragraph at lines 6581--6582

 []

[127]
Underfull \hbox (badness 10000) in paragraph at lines 6584--6585

 []

[128] [129

] [130] [131] [132

]
Overfull \hbox (9.46297pt too wide) in paragraph at lines 6750--6751
 \T1/ptm/b/n/12 Anexo unidad es-tu-dio de-scrip-ti-vo es-tadís-ti-co en en-torn
os reales en mesa de prue-ba (testbeds) 
 []


Underfull \hbox (badness 10000) in paragraph at lines 6750--6751

 []


</home/delivery/Desktop/ArtemisaLatex1/Figuras/Tab6.jpg, id=562, 1269.24188pt x
 339.51843pt>
File: /home/delivery/Desktop/ArtemisaLatex1/Figuras/Tab6.jpg Graphic file (type
 jpg)
 <use /home/delivery/Desktop/ArtemisaLatex1/Figuras/Tab6.jpg>
</home/delivery/Desktop/ArtemisaLatex1/Figuras/Tab7.jpg, id=563, 1269.24188pt x
 213.79875pt>
File: /home/delivery/Desktop/ArtemisaLatex1/Figuras/Tab7.jpg Graphic file (type
 jpg)
 <use /home/delivery/Desktop/ArtemisaLatex1/Figuras/Tab7.jpg>
</home/delivery/Desktop/ArtemisaLatex1/Figuras/Tab8.jpg, id=564, 1269.24188pt x
 76.78688pt>
File: /home/delivery/Desktop/ArtemisaLatex1/Figuras/Tab8.jpg Graphic file (type
 jpg)
 <use /home/delivery/Desktop/ArtemisaLatex1/Figuras/Tab8.jpg>
[133 </home/delivery/Desktop/ArtemisaLatex1/Figuras/Tab6.jpg> </home/delivery/D
esktop/ArtemisaLatex1/Figuras/Tab7.jpg> </home/delivery/Desktop/ArtemisaLatex1/
Figuras/Tab8.jpg>]
File: /home/delivery/Desktop/ArtemisaLatex1/Figuras/Tab8.jpg Graphic file (type
 jpg)

<use /home/delivery/Desktop/ArtemisaLatex1/Figuras/Tab8.jpg>
</home/delivery/Desktop/ArtemisaLatex1/Figuras/Tab9.jpg, id=568, 722.7pt x 325.
215pt>
File: /home/delivery/Desktop/ArtemisaLatex1/Figuras/Tab9.jpg Graphic file (type
 jpg)
 <use /home/delivery/Desktop/ArtemisaLatex1/Figuras/Tab9.jpg>
</home/delivery/Desktop/ArtemisaLatex1/Figuras/Tab91.jpg, id=569, 722.7pt x 204
.765pt>
File: /home/delivery/Desktop/ArtemisaLatex1/Figuras/Tab91.jpg Graphic file (typ
e jpg)
 <use /home/delivery/Desktop/ArtemisaLatex1/Figuras/Tab91.jpg>
</home/delivery/Desktop/ArtemisaLatex1/Figuras/Tab92.jpg, id=570, 722.7pt x 88.
07906pt>
File: /home/delivery/Desktop/ArtemisaLatex1/Figuras/Tab92.jpg Graphic file (typ
e jpg)
 <use /home/delivery/Desktop/ArtemisaLatex1/Figuras/Tab92.jpg>
</home/delivery/Desktop/ArtemisaLatex1/Figuras/Tab94.jpg, id=571, 335.75438pt x
 258.21469pt>
File: /home/delivery/Desktop/ArtemisaLatex1/Figuras/Tab94.jpg Graphic file (typ
e jpg)
 <use /home/delivery/Desktop/ArtemisaLatex1/Figuras/Tab94.jpg>

LaTeX Warning: `!h' float specifier changed to `!ht'.

[134

 </home/delivery/Desktop/ArtemisaLatex1/Figuras/Tab9.jpg> </home/delivery/Deskt
op/ArtemisaLatex1/Figuras/Tab91.jpg> </home/delivery/Desktop/ArtemisaLatex1/Fig
uras/Tab92.jpg>] [135 </home/delivery/Desktop/ArtemisaLatex1/Figuras/Tab94.jpg>
]
</home/delivery/Desktop/ArtemisaLatex1/Figuras/Tab94a.jpg, id=579, 223.58531pt 
x 758.835pt>
File: /home/delivery/Desktop/ArtemisaLatex1/Figuras/Tab94a.jpg Graphic file (ty
pe jpg)
 <use /home/delivery/Desktop/ArtemisaLatex1/Figuras/Tab94a.jpg>

LaTeX Warning: Float too large for page by 14.5052pt on input line 6831.


LaTeX Warning: `!h' float specifier changed to `!ht'.

[136

] [137 </home/delivery/Desktop/ArtemisaLatex1/Figuras/Tab94a.jpg>]
</home/delivery/Desktop/ArtemisaLatex1/Figuras/Tab94b.jpg, id=586, 821.31844pt 
x 243.91125pt>
File: /home/delivery/Desktop/ArtemisaLatex1/Figuras/Tab94b.jpg Graphic file (ty
pe jpg)
 <use /home/delivery/Desktop/ArtemisaLatex1/Figuras/Tab94b.jpg>
</home/delivery/Desktop/ArtemisaLatex1/Figuras/Fig92q.jpg, id=587, 951.555pt x 
612.03656pt>
File: /home/delivery/Desktop/ArtemisaLatex1/Figuras/Fig92q.jpg Graphic file (ty
pe jpg)
 <use /home/delivery/Desktop/ArtemisaLatex1/Figuras/Fig92q.jpg>
</home/delivery/Desktop/ArtemisaLatex1/Figuras/Tab94c.jpg, id=588, 223.58531pt 
x 491.58656pt>
File: /home/delivery/Desktop/ArtemisaLatex1/Figuras/Tab94c.jpg Graphic file (ty
pe jpg)
 <use /home/delivery/Desktop/ArtemisaLatex1/Figuras/Tab94c.jpg>

LaTeX Warning: `!h' float specifier changed to `!ht'.

[138

 </home/delivery/Desktop/ArtemisaLatex1/Figuras/Tab94b.jpg> </home/delivery/Des
ktop/ArtemisaLatex1/Figuras/Fig92q.jpg>] [139 </home/delivery/Desktop/ArtemisaL
atex1/Figuras/Tab94c.jpg>]
</home/delivery/Desktop/ArtemisaLatex1/Figuras/Tab94d.jpg, id=595, 823.57687pt 
x 292.84406pt>
File: /home/delivery/Desktop/ArtemisaLatex1/Figuras/Tab94d.jpg Graphic file (ty
pe jpg)
 <use /home/delivery/Desktop/ArtemisaLatex1/Figuras/Tab94d.jpg>
</home/delivery/Desktop/ArtemisaLatex1/Figuras/Fig92r.jpg, id=596, 1445.4pt x 7
82.925pt>
File: /home/delivery/Desktop/ArtemisaLatex1/Figuras/Fig92r.jpg Graphic file (ty
pe jpg)
 <use /home/delivery/Desktop/ArtemisaLatex1/Figuras/Fig92r.jpg>
</home/delivery/Desktop/ArtemisaLatex1/Figuras/Fig92s.jpg, id=597, 1445.4pt x 7
82.925pt>
File: /home/delivery/Desktop/ArtemisaLatex1/Figuras/Fig92s.jpg Graphic file (ty
pe jpg)
 <use /home/delivery/Desktop/ArtemisaLatex1/Figuras/Fig92s.jpg>

LaTeX Warning: `!h' float specifier changed to `!ht'.

[140

 </home/delivery/Desktop/ArtemisaLatex1/Figuras/Tab94d.jpg> </home/delivery/Des
ktop/ArtemisaLatex1/Figuras/Fig92r.jpg>] [141 </home/delivery/Desktop/ArtemisaL
atex1/Figuras/Fig92s.jpg>] [142


]
Package acronym Info: Label `acro:vm' newly defined as it shall be overridden
although it is yet undefined on input line 6897.
 [143] [144] [145] [146] [147] [148]
[149] [150] [151] [152] [153] [154]
Underfull \hbox (badness 10000) in paragraph at lines 7738--7743

 []

[155] [156] [157] [158] [159] [160] [161

]
LaTeX Font Info:    Font shape `T1/ptm/bx/n' in size <6> not available
(Font)              Font shape `T1/ptm/b/n' tried instead on input line 8130.
 [162] [163] [164] [165

] [166]
</home/delivery/Desktop/ArtemisaLatex1/Figuras/Firma_Dir_Dr_Do_Carmo.jpg, id=68
4, 1032.85875pt x 603.25375pt>
File: /home/delivery/Desktop/ArtemisaLatex1/Figuras/Firma_Dir_Dr_Do_Carmo.jpg G
raphic file (type jpg)

<use /home/delivery/Desktop/ArtemisaLatex1/Figuras/Firma_Dir_Dr_Do_Carmo.jpg>
[167 </home/delivery/Desktop/ArtemisaLatex1/Figuras/Firma_Dir_Dr_Do_Carmo.jpg>]
(./1er_Informe_Proyecto_Artemisa.aux) ) 
Here is how much of TeX's memory you used:
 10827 strings out of 495061
 167207 string characters out of 1182620
 214975 words of memory out of 3000000
 13666 multiletter control sequences out of 15000+50000
 80242 words of font info for 116 fonts, out of 3000000 for 9000
 28 hyphenation exceptions out of 8191
 36i,10n,45p,356b,570s stack positions out of 5000i,500n,10000p,200000b,50000s
{/usr/share/texmf-texlive/fonts/enc/dvip
s/base/8r.enc}</usr/share/texmf-texlive/fonts/type1/public/amsfonts/cm/cmsy10.p
fb></usr/share/texmf-texlive/fonts/type1/urw/courier/ucrr8a.pfb></usr/share/tex
mf-texlive/fonts/type1/urw/times/utmb8a.pfb></usr/share/texmf-texlive/fonts/typ
e1/urw/times/utmbi8a.pfb></usr/share/texmf-texlive/fonts/type1/urw/times/utmr8a
.pfb></usr/share/texmf-texlive/fonts/type1/urw/times/utmri8a.pfb>
Output written on 1er_Informe_Proyecto_Artemisa.pdf (178 pages, 15370485 bytes)
.
PDF statistics:
 714 PDF objects out of 1000 (max. 8388607)
 0 named destinations out of 1000 (max. 500000)
 571 words of extra memory for PDF output out of 10000 (max. 10000000)

